#
# A fatal error has been detected by the Java Runtime Environment:
#
#  Internal Error (jvmciRuntime.cpp:1609), pid=1507, tid=1524
#  fatal error: Fatal exception in JVMCI: Error calling jdk.vm.ci.services.Services.serializeSavedProperties
#
# JRE version: OpenJDK Runtime Environment GraalVM CE 22.3.0 (17.0.5+8) (build 17.0.5+8-jvmci-22.3-b08)
# Java VM: OpenJDK 64-Bit Server VM GraalVM CE 22.3.0 (17.0.5+8-jvmci-22.3-b08, mixed mode, sharing, tiered, jvmci, jvmci compiler, compressed oops, compressed class ptrs, parallel gc, linux-amd64)
# Problematic frame:
# V  [libjvm.so+0x972714]  JVMCIRuntime::fatal_exception(JVMCIEnv*, char const*)+0x74
#
# Core dump will be written. Default location: Core dumps may be processed with "/usr/share/apport/apport -p%p -s%s -c%c -d%d -P%P -u%u -g%g -- %E" (or dumping to /home/runner/Desafio-PWC/core.1507)
#
# If you would like to submit a bug report, please visit:
#   https://github.com/oracle/graal/issues
#

---------------  S U M M A R Y ------------

Command Line: -XX:ThreadPriorityPolicy=1 -XX:+UnlockExperimentalVMOptions -XX:+EnableJVMCIProduct -XX:JVMCIThreadsPerNativeLibraryRuntime=1 -XX:-UnlockExperimentalVMOptions -Declipse.application=org.eclipse.jdt.ls.core.id1 -Dosgi.bundles.defaultStartLevel=4 -Declipse.product=org.eclipse.jdt.ls.core.product -Dlog.level=ALL -Xverify:none -XX:+UseParallelGC -XX:GCTimeRatio=4 -XX:AdaptiveSizePolicyWeight=90 -Dsun.zip.disableMemoryMapping=true -Xmx512m -Xms100m /nix/store/m6gcpi1ii6rghy04cjwjddcavv7i90df-jdt-language-server-1.9.0/share/java/plugins/org.eclipse.equinox.launcher_1.6.400.v20210924-0641.jar --add-modules=ALL-SYSTEM --add-opens java.base/java.util=ALL-UNNAMED --add-opens java.base/java.lang=ALL-UNNAMED -configuration /home/runner/.cache/jdt-language-server/config -data /home/runner/.cache/jdt-language-server/data/home/runner/Desafio-PWC

Host: AMD EPYC 7B12, 8 cores, 1G, Ubuntu 20.04.2 LTS
Time: Sun Jul  9 04:36:20 2023 UTC elapsed time: 657.123189 seconds (0d 0h 10m 57s)

---------------  T H R E A D  ---------------

Current thread (0x00007fa7600b21e0):  JavaThread "JVMCI-native CompilerThread0" daemon [_thread_in_vm, id=1524, stack(0x00007fa76421a000,0x00007fa76441a000)]


Current CompileTask:
JVMCI-native: 657123 8067       4       org.eclipse.jdt.internal.compiler.lookup.LookupEnvironment::getTypeFromSignature (376 bytes)

Stack: [0x00007fa76421a000,0x00007fa76441a000],  sp=0x00007fa764418380,  free space=2040k
Native frames: (J=compiled Java code, j=interpreted, Vv=VM code, C=native code)
V  [libjvm.so+0x972714]  JVMCIRuntime::fatal_exception(JVMCIEnv*, char const*)+0x74
V  [libjvm.so+0x93e2fe]  JVMCIEnv::copy_saved_properties()+0x14e
V  [libjvm.so+0x9732a9]  JVMCIRuntime::initialize(JVMCIEnv*)+0xb19
V  [libjvm.so+0x9738a2]  JVMCIRuntime::get_HotSpotJVMCIRuntime(JVMCIEnv*)+0x12
V  [libjvm.so+0x9749f2]  JVMCIRuntime::compile_method(JVMCIEnv*, JVMCICompiler*, methodHandle const&, int)+0xd2
V  [libjvm.so+0x5b0d20]  CompileBroker::invoke_compiler_on_method(CompileTask*)+0x1470
V  [libjvm.so+0x5b12e8]  CompileBroker::compiler_thread_loop()+0x528
V  [libjvm.so+0xd82460]  JavaThread::thread_main_inner()+0xd0
V  [libjvm.so+0xd85a40]  Thread::call_run()+0xc0
V  [libjvm.so+0xbdb1e1]  thread_native_entry(Thread*)+0xe1

Register to memory mapping:

RAX=0x00007fa76734d000 points into unknown readable memory: 0x0000000000000058 | 58 00 00 00 00 00 00 00
RBX=0x00007fa768448398: <offset 0x0000000000ef5398> in /nix/store/gpxl5qgg8kicmcvivwmybwjlpf7wh20l-graalvm17-ce-22.3.0/lib/server/libjvm.so at 0x00007fa767553000
RCX=0x00007fa7684001e8: <offset 0x0000000000ead1e8> in /nix/store/gpxl5qgg8kicmcvivwmybwjlpf7wh20l-graalvm17-ce-22.3.0/lib/server/libjvm.so at 0x00007fa767553000
RDX=0x0000000000000649 is an unknown value
RSP=0x00007fa764418380 is pointing into the stack for thread: 0x00007fa7600b21e0
RBP=0x00007fa7644183a0 is pointing into the stack for thread: 0x00007fa7600b21e0
RSI=0x00007fa768448c48: <offset 0x0000000000ef5c48> in /nix/store/gpxl5qgg8kicmcvivwmybwjlpf7wh20l-graalvm17-ce-22.3.0/lib/server/libjvm.so at 0x00007fa767553000
RDI=0x00000000e0000000 is an oop: java.util.jar.Attributes 
{0x00000000e0000000} - klass: 'java/util/jar/Attributes'
 - ---- fields (total size 2 words):
 - protected 'map' 'Ljava/util/Map;' @12  a 'java/util/LinkedHashMap'{0x00000000e0000010} (e0000010)
R8 =0x00007fa768448398: <offset 0x0000000000ef5398> in /nix/store/gpxl5qgg8kicmcvivwmybwjlpf7wh20l-graalvm17-ce-22.3.0/lib/server/libjvm.so at 0x00007fa767553000
R9 =0x00007fa764418330 is pointing into the stack for thread: 0x00007fa7600b21e0
R10=0x00007fa764419948 is pointing into the stack for thread: 0x00007fa7600b21e0
R11=0x0000000000000293 is an unknown value
R12=0x0 is NULL
R13=0x00007fa7600b21e0 is a thread
R14=0x00007fa760000b80 points into unknown readable memory: 0x00007fa768679a38 | 38 9a 67 68 a7 7f 00 00
R15=0x00007fa768787e40: <offset 0x0000000001234e40> in /nix/store/gpxl5qgg8kicmcvivwmybwjlpf7wh20l-graalvm17-ce-22.3.0/lib/server/libjvm.so at 0x00007fa767553000


Registers:
RAX=0x00007fa76734d000, RBX=0x00007fa768448398, RCX=0x00007fa7684001e8, RDX=0x0000000000000649
RSP=0x00007fa764418380, RBP=0x00007fa7644183a0, RSI=0x00007fa768448c48, RDI=0x00000000e0000000
R8 =0x00007fa768448398, R9 =0x00007fa764418330, R10=0x00007fa764419948, R11=0x0000000000000293
R12=0x0000000000000000, R13=0x00007fa7600b21e0, R14=0x00007fa760000b80, R15=0x00007fa768787e40
RIP=0x00007fa767ec5714, EFLAGS=0x0000000000010206, CSGSFS=0x002b000000000033, ERR=0x0000000000000006
  TRAPNO=0x000000000000000e

Top of Stack: (sp=0x00007fa764418380)
0x00007fa764418380:   00007fa764418940 00007fa7600b21e0
0x00007fa764418390:   00007fa765cde8c8 0000000800c417a0
0x00007fa7644183a0:   00007fa764418500 00007fa767e912fe
0x00007fa7644183b0:   00007fa7644183e0 00007fa764418440 

Instructions: (pc=0x00007fa767ec5714)
0x00007fa767ec5614:   30 e8 f6 cf e8 ff 4c 89 e7 e8 2e 48 d1 ff 84 db
0x00007fa767ec5624:   75 2a 4d 85 ed 74 04 4d 8b 6d 00 48 83 c4 08 44
0x00007fa767ec5634:   89 f9 4c 89 f2 4c 89 ee 5b 4c 89 e7 41 5c 41 5d
0x00007fa767ec5644:   41 5e 41 5f 5d e9 e2 47 d1 ff 66 90 48 83 c4 08
0x00007fa767ec5654:   5b 41 5c 41 5d 41 5e 41 5f 5d c3 90 31 d2 be 08
0x00007fa767ec5664:   00 00 00 4c 89 ff e8 b1 78 a3 ff 49 89 c5 e9 37
0x00007fa767ec5674:   ff ff ff 66 0f 1f 84 00 00 00 00 00 48 8b 7a 08
0x00007fa767ec5684:   e9 6d ff ff ff 0f 1f 80 00 00 00 00 e8 5b 48 0a
0x00007fa767ec5694:   00 84 c0 75 89 e9 6a ff ff ff 66 90 55 48 89 e5
0x00007fa767ec56a4:   41 56 41 55 41 54 49 89 fc 53 48 89 f3 66 48 8d
0x00007fa767ec56b4:   3d 27 5e 85 00 66 66 48 e8 df 43 8d ff 4c 8b 28
0x00007fa767ec56c4:   8b 05 be 72 8a 00 85 c0 75 14 ba 01 00 00 00 48
0x00007fa767ec56d4:   8d 0d ae 72 8a 00 f0 0f b1 11 85 c0 74 4e be c8
0x00007fa767ec56e4:   00 00 00 4c 89 ef e8 01 0b 41 00 48 8d 05 12 ac
0x00007fa767ec56f4:   85 00 49 89 d8 48 8d 0d e8 aa 53 00 ba 49 06 00
0x00007fa767ec5704:   00 48 8d 35 3c 35 58 00 bf 00 00 00 e0 48 8b 00
0x00007fa767ec5714:   c6 00 58 31 c0 e8 e2 91 c6 ff 5b 41 5c 41 5d 41
0x00007fa767ec5724:   5e 5d e9 55 34 26 00 0f 1f 44 00 00 48 8d 05 81
0x00007fa767ec5734:   a3 8b 00 48 89 df 4c 8b 30 e8 9e 43 8d ff 48 89
0x00007fa767ec5744:   de 48 89 c2 49 8b 06 4c 89 f7 ff 50 08 4c 89 f7
0x00007fa767ec5754:   e8 a7 5c 27 00 4d 85 e4 74 12 be 01 00 00 00 4c
0x00007fa767ec5764:   89 e7 e8 35 43 fc ff eb 82 0f 1f 00 be 01 00 00
0x00007fa767ec5774:   00 4c 89 ef e8 d3 fd ff ff e9 6d ff ff ff 66 66
0x00007fa767ec5784:   2e 0f 1f 84 00 00 00 00 00 0f 1f 00 55 48 89 e5
0x00007fa767ec5794:   41 57 41 56 41 55 41 54 53 48 81 ec 08 02 00 00
0x00007fa767ec57a4:   64 48 8b 04 25 28 00 00 00 48 89 45 c8 8b 07 83
0x00007fa767ec57b4:   f8 02 0f 84 11 04 00 00 4c 8b 6f 18 49 89 ff 49
0x00007fa767ec57c4:   89 f4 4d 85 ed 74 14 4c 89 ef e8 5d 57 22 00 41
0x00007fa767ec57d4:   8b 07 83 f8 02 0f 84 19 04 00 00 48 8d 1d 9a 06
0x00007fa767ec57e4:   8a 00 4c 8d 35 0b 3c 58 00 eb 38 90 48 85 d2 7f
0x00007fa767ec57f4:   0d 48 8d 05 b4 c0 85 00 48 83 38 00 7e 0e 41 8b
0x00007fa767ec5804:   77 2c 4c 89 f7 31 c0 e8 a0 b2 f7 ff 49 8b 7f 18 


Stack slot to memory mapping:
stack at sp + 0 slots: 0x00007fa764418940 is pointing into the stack for thread: 0x00007fa7600b21e0
stack at sp + 1 slots: 0x00007fa7600b21e0 is a thread
stack at sp + 2 slots: 0x00007fa765cde8c8 points into unknown readable memory: 0x65730018052dffff | ff ff 2d 05 18 00 73 65
stack at sp + 3 slots: 0x0000000800c417a0 is a pointer to class: 
jdk.vm.ci.services.Services {0x0000000800c417a0}
 - instance size:     2
 - klass size:        65
 - access:            public final synchronized 
 - state:             fully_initialized
 - name:              'jdk/vm/ci/services/Services'
 - super:             'java/lang/Object'
 - sub:               
 - arrays:            NULL
 - methods:           Array<T>(0x00007fa764c45cb8)
 - method ordering:   Array<T>(0x0000000800928960)
 - default_methods:   Array<T>(0x0000000000000000)
 - local interfaces:  Array<T>(0x00000008005ce810)
 - trans. interfaces: Array<T>(0x00000008005ce810)
 - constants:         constant pool [427] {0x00007fa764c44d98} for 'jdk/vm/ci/services/Services' cache=0x00007fa764c47500
 - class loader data:  loader data: 0x00007fa7600283f0 of 'bootstrap'
 - source file:       'Services.java'
 - class annotations:       Array<T>(0x0000000000000000)
 - class type annotations:  Array<T>(0x0000000000000000)
 - field annotations:       Array<T>(0x0000000000000000)
 - field type annotations:  Array<T>(0x0000000000000000)
 - inner classes:     Array<T>(0x00007fa764c46f58)
 - nest members:     Array<T>(0x00007fa764c46f78)
 - permitted subclasses:     Array<T>(0x00000008005ce7a0)
 - java mirror:       a 'java/lang/Class'{0x00000000e02a3e78} = 'jdk/vm/ci/services/Services'
 - vtable length      5  (start addr: 0x0000000800c41970)
 - itable length      2 (start addr: 0x0000000800c41998)
 - ---- static fields (3 words):
 - public static final 'IS_BUILDING_NATIVE_IMAGE' 'Z' @128 
 - public static final 'IS_IN_NATIVE_IMAGE' 'Z' @129 
 - private static volatile 'savedProperties' 'Ljava/util/Map;' @112 
 - static final 'JVMCI_ENABLED' 'Z' @130 
 - private static final 'servicesCache' 'Ljava/util/Map;' @116 
 - private static final 'MAX_UNICODE_IN_UTF8_LENGTH' 'I' @120 
 - private static final 'MAX_UTF8_PROPERTY_STRING_LENGTH' 'I' @124 
 - ---- non-static fields (0 words):
 - non-static oop maps: 
stack at sp + 4 slots: 0x00007fa764418500 is pointing into the stack for thread: 0x00007fa7600b21e0
stack at sp + 5 slots: 0x00007fa767e912fe: <offset 0x000000000093e2fe> in /nix/store/gpxl5qgg8kicmcvivwmybwjlpf7wh20l-graalvm17-ce-22.3.0/lib/server/libjvm.so at 0x00007fa767553000
stack at sp + 6 slots: 0x00007fa7644183e0 is pointing into the stack for thread: 0x00007fa7600b21e0
stack at sp + 7 slots: 0x00007fa764418440 is pointing into the stack for thread: 0x00007fa7600b21e0


---------------  P R O C E S S  ---------------

Threads class SMR info:
_java_thread_list=0x00007fa6c8152e10, length=27, elements={
0x00007fa760026690, 0x00007fa7600a64d0, 0x00007fa7600a7910, 0x00007fa7600ae050,
0x00007fa7600af400, 0x00007fa7600b07f0, 0x00007fa7600b21e0, 0x00007fa7600b36f0,
0x00007fa7600b4b40, 0x00007fa7600d8180, 0x00007fa76011faf0, 0x00007fa7602ee430,
0x00007fa760336170, 0x00007fa7603392e0, 0x00007fa6f002f4a0, 0x00007fa6f03dad00,
0x00007fa6f04c3860, 0x00007fa6e00010d0, 0x00007fa6e0007150, 0x00007fa6f06690f0,
0x00007fa6f072ef90, 0x00007fa76036df20, 0x00007fa7604012d0, 0x00007fa6c81a1980,
0x00007fa6c8151650, 0x00007fa6e033a690, 0x00007fa6c8153630
}

Java Threads: ( => current thread )
  0x00007fa760026690 JavaThread "main" [_thread_blocked, id=1515, stack(0x00007fa76736e000,0x00007fa76746e000)]
  0x00007fa7600a64d0 JavaThread "Reference Handler" daemon [_thread_blocked, id=1519, stack(0x00007fa764b00000,0x00007fa764c00000)]
  0x00007fa7600a7910 JavaThread "Finalizer" daemon [_thread_blocked, id=1520, stack(0x00007fa764a00000,0x00007fa764b00000)]
  0x00007fa7600ae050 JavaThread "Signal Dispatcher" daemon [_thread_blocked, id=1521, stack(0x00007fa76461a000,0x00007fa76471a000)]
  0x00007fa7600af400 JavaThread "Service Thread" daemon [_thread_blocked, id=1522, stack(0x00007fa76451a000,0x00007fa76461a000)]
  0x00007fa7600b07f0 JavaThread "Monitor Deflation Thread" daemon [_thread_blocked, id=1523, stack(0x00007fa76441a000,0x00007fa76451a000)]
=>0x00007fa7600b21e0 JavaThread "JVMCI-native CompilerThread0" daemon [_thread_in_vm, id=1524, stack(0x00007fa76421a000,0x00007fa76441a000)]
  0x00007fa7600b36f0 JavaThread "C1 CompilerThread0" daemon [_thread_blocked, id=1525, stack(0x00007fa76401a000,0x00007fa76421a000)]
  0x00007fa7600b4b40 JavaThread "Sweeper thread" daemon [_thread_blocked, id=1526, stack(0x00007fa7473b3000,0x00007fa7474b3000)]
  0x00007fa7600d8180 JavaThread "Common-Cleaner" daemon [_thread_blocked, id=1529, stack(0x00007fa7472b3000,0x00007fa7473b3000)]
  0x00007fa76011faf0 JavaThread "Notification Thread" daemon [_thread_blocked, id=1531, stack(0x00007fa7471b3000,0x00007fa7472b3000)]
  0x00007fa7602ee430 JavaThread "Active Thread: Equinox Container: 021c8c5d-ce13-4ae4-b555-86db2a2559aa" [_thread_blocked, id=1545, stack(0x00007fa746fb1000,0x00007fa7470b1000)]
  0x00007fa760336170 JavaThread "Framework Event Dispatcher: Equinox Container: 021c8c5d-ce13-4ae4-b555-86db2a2559aa" daemon [_thread_blocked, id=1546, stack(0x00007fa744b00000,0x00007fa744c00000)]
  0x00007fa7603392e0 JavaThread "Start Level: Equinox Container: 021c8c5d-ce13-4ae4-b555-86db2a2559aa" daemon [_thread_blocked, id=1547, stack(0x00007fa744900000,0x00007fa744a00000)]
  0x00007fa6f002f4a0 JavaThread "SCR Component Actor" daemon [_thread_blocked, id=1548, stack(0x00007fa744700000,0x00007fa744800000)]
  0x00007fa6f03dad00 JavaThread "Worker-JM" [_thread_blocked, id=1558, stack(0x00007fa744a00000,0x00007fa744b00000)]
  0x00007fa6f04c3860 JavaThread "Worker-0: Publish Diagnostics" [_thread_blocked, id=1559, stack(0x00007fa744800000,0x00007fa744900000)]
  0x00007fa6e00010d0 JavaThread "Worker-1: Java indexing... " [_thread_blocked, id=1560, stack(0x00007fa744500000,0x00007fa744600000)]
  0x00007fa6e0007150 JavaThread "Worker-2" [_thread_blocked, id=1561, stack(0x00007fa744400000,0x00007fa744500000)]
  0x00007fa6f06690f0 JavaThread "Java indexing" daemon [_thread_blocked, id=1562, stack(0x00007fa744300000,0x00007fa744400000)]
  0x00007fa6f072ef90 JavaThread "Bundle File Closer" daemon [_thread_blocked, id=1570, stack(0x00007fa744200000,0x00007fa744300000)]
  0x00007fa76036df20 JavaThread "pool-3-thread-1" [_thread_blocked, id=1572, stack(0x00007fa744100000,0x00007fa744200000)]
  0x00007fa7604012d0 JavaThread "pool-2-thread-1" [_thread_blocked, id=1573, stack(0x00007fa70ed00000,0x00007fa70ee00000)]
  0x00007fa6c81a1980 JavaThread "Thread-2" [_thread_blocked, id=1614, stack(0x00007fa744600000,0x00007fa744700000)]
  0x00007fa6c8151650 JavaThread "Thread-12" [_thread_blocked, id=1884, stack(0x00007fa70ec00000,0x00007fa70ed00000)]
  0x00007fa6e033a690 JavaThread "Worker-4: Compacting resource model" [_thread_blocked, id=1941, stack(0x00007fa70e300000,0x00007fa70e400000)]
  0x00007fa6c8153630 JavaThread "Thread-14" [_thread_blocked, id=1942, stack(0x00007fa70e100000,0x00007fa70e200000)]

Other Threads:
  0x00007fa7600a1c10 VMThread "VM Thread" [stack: 0x00007fa765487000,0x00007fa765587000] [id=1517] _threads_hazard_ptr=0x00007fa6c8152e10
  0x00007fa760121490 WatcherThread [stack: 0x00007fa7470b3000,0x00007fa7471b3000] [id=1532]
  0x00007fa76003df30 GCTaskThread "GC Thread#0" [stack: 0x00007fa766f31000,0x00007fa767031000] [id=1516]

Threads with active compile tasks:
JVMCI-native CompilerThread0   657207 8067       4       org.eclipse.jdt.internal.compiler.lookup.LookupEnvironment::getTypeFromSignature (376 bytes)

VM state: synchronizing (normal execution)

VM Mutex/Monitor currently owned by a thread:  ([mutex/lock_event])
[0x00007fa760023840] Threads_lock - owner thread: 0x00007fa7600a1c10
[0x00007fa760023ff0] Heap_lock - owner thread: 0x00007fa6f04c3860

OutOfMemory and StackOverflow Exception counts:
OutOfMemoryError java_heap_errors=9
LinkageErrors=54

Heap address: 0x00000000e0000000, size: 512 MB, Compressed Oops mode: 32-bit

CDS archive(s) mapped at: [0x0000000800000000-0x0000000800bc8000-0x0000000800bc8000), size 12353536, SharedBaseAddress: 0x0000000800000000, ArchiveRelocationMode: 0.
Compressed class space mapped at: 0x0000000800c00000-0x0000000840c00000, reserved size: 1073741824
Narrow klass base: 0x0000000800000000, Narrow klass shift: 0, Narrow klass range: 0x100000000

GC Precious Log:
 CPUs: 8 total, 1 available
 Memory: 1024M
 Large Page Support: Disabled
 NUMA Support: Disabled
 Compressed Oops: Enabled (32-bit)
 Alignments: Space 512K, Generation 512K, Heap 2M
 Heap Min Capacity: 100M
 Heap Initial Capacity: 100M
 Heap Max Capacity: 512M
 Pre-touch: Disabled
 Parallel Workers: 1

Heap:
 PSYoungGen      total 33792K, used 26111K [0x00000000f5580000, 0x00000000f8500000, 0x0000000100000000)
  eden space 26112K, 99% used [0x00000000f5580000,0x00000000f6effff8,0x00000000f6f00000)
  from space 7680K, 0% used [0x00000000f7a00000,0x00000000f7a00000,0x00000000f8180000)
  to   space 9728K, 0% used [0x00000000f6f00000,0x00000000f6f00000,0x00000000f7880000)
 ParOldGen       total 349696K, used 349695K [0x00000000e0000000, 0x00000000f5580000, 0x00000000f5580000)
  object space 349696K, 99% used [0x00000000e0000000,0x00000000f557fff0,0x00000000f5580000)
 Metaspace       used 53292K, committed 54272K, reserved 1105920K
  class space    used 5242K, committed 5632K, reserved 1048576K

Card table byte_map: [0x00007fa767031000,0x00007fa767132000] _byte_map_base: 0x00007fa766931000

Marking Bits: (ParMarkBitMap*) 0x00007fa7687814c0
 Begin Bits: [0x00007fa765e84000, 0x00007fa766684000)
 End Bits:   [0x00007fa766684000, 0x00007fa766e84000)

Polling page: 0x00007fa76734b000

Metaspace:

Usage:
  Non-class:     46.92 MB used.
      Class:      5.12 MB used.
       Both:     52.04 MB used.

Virtual space:
  Non-class space:       56.00 MB reserved,      47.50 MB ( 85%) committed,  7 nodes.
      Class space:        1.00 GB reserved,       5.50 MB ( <1%) committed,  1 nodes.
             Both:        1.05 GB reserved,      53.00 MB (  5%) committed. 

Chunk freelists:
   Non-Class:  3.74 MB
       Class:  2.56 MB
        Both:  6.30 MB

MaxMetaspaceSize: unlimited
CompressedClassSpaceSize: 1.00 GB
Initial GC threshold: 21.00 MB
Current GC threshold: 88.38 MB
CDS: on
MetaspaceReclaimPolicy: balanced
 - commit_granule_bytes: 65536.
 - commit_granule_words: 8192.
 - virtual_space_node_default_size: 1048576.
 - enlarge_chunks_in_place: 1.
 - new_chunks_are_fully_committed: 0.
 - uncommit_free_chunks: 1.
 - use_allocation_guard: 0.
 - handle_deallocations: 1.


Internal statistics:

num_allocs_failed_limit: 6.
num_arena_births: 442.
num_arena_deaths: 132.
num_vsnodes_births: 8.
num_vsnodes_deaths: 0.
num_space_committed: 846.
num_space_uncommitted: 0.
num_chunks_returned_to_freelist: 184.
num_chunks_taken_from_freelist: 2707.
num_chunk_merges: 75.
num_chunk_splits: 1746.
num_chunks_enlarged: 1070.
num_purges: 20.
num_inconsistent_stats: 0.

CodeHeap 'non-profiled nmethods': size=120036Kb used=2369Kb max_used=2369Kb free=117666Kb
 bounds [0x00007fa74ef7a000, 0x00007fa74f1ea000, 0x00007fa7564b3000]
CodeHeap 'profiled nmethods': size=120032Kb used=11286Kb max_used=13242Kb free=108745Kb
 bounds [0x00007fa747a42000, 0x00007fa748742000, 0x00007fa74ef7a000]
CodeHeap 'non-nmethods': size=5692Kb used=1339Kb max_used=1363Kb free=4352Kb
 bounds [0x00007fa7474b3000, 0x00007fa747723000, 0x00007fa747a42000]
 total_blobs=6375 nmethods=5701 adapters=586
 compilation: enabled
              stopped_count=0, restarted_count=0
 full_count=0

JVMCI Events (20 events):
Event: 416.406 Thread 0x00007fa7600b21e0 releasing handles for JVMCI runtime 0: oop handles=97, metadata handles={total=1216, live=761, blocks=38}
Event: 416.406 Thread 0x00007fa7600b21e0 detached from JVMCI runtime 0
Event: 425.403 Thread 0x00007fa7600b21e0 attached to JVMCI runtime 0
Event: 425.404 Thread 0x00007fa7600b21e0 created JavaVM[2]@0x00007fa70db9e340 for JVMCI runtime 0
Event: 426.317 Thread 0x00007fa7600b21e0 initializing JVMCI runtime 0
Event: 426.317 Thread 0x00007fa7600b21e0 done waiting for JavaVM references initialization in JVMCI runtime 0
Event: 450.620 Thread 0x00007fa7600b21e0 initialized JVMCI runtime 0
Event: 542.032 Thread 0x00007fa7600b21e0 compacted oop handles in JVMCI runtime 0 from 209 to 95
Event: 544.006 Thread 0x00007fa7600b21e0 detaching from JVMCI runtime 0: releasing idle compiler thread (0 other threads still attached)
Event: 544.006 Thread 0x00007fa7600b21e0 shutting down HotSpotJVMCIRuntime for JVMCI runtime 0
Event: 544.006 Thread 0x00007fa7600b21e0 compacted oop handles in JVMCI runtime 0 from 95 to 74
Event: 544.006 Thread 0x00007fa7600b21e0 shut down JVMCI runtime 0
Event: 544.920 Thread 0x00007fa7600b21e0 destroyed JavaVM[2]@0x00007fa70db9e340 for JVMCI runtime 0
Event: 544.920 Thread 0x00007fa7600b21e0 compacted oop handles in JVMCI runtime 0 from 74 to 74
Event: 544.920 Thread 0x00007fa7600b21e0 releasing handles for JVMCI runtime 0: oop handles=74, metadata handles={total=192, live=170, blocks=38}
Event: 544.920 Thread 0x00007fa7600b21e0 detached from JVMCI runtime 0
Event: 636.839 Thread 0x00007fa7600b21e0 attached to JVMCI runtime 0
Event: 636.840 Thread 0x00007fa7600b21e0 created JavaVM[3]@0x00007fa70db9e340 for JVMCI runtime 0
Event: 637.802 Thread 0x00007fa7600b21e0 initializing JVMCI runtime 0
Event: 637.802 Thread 0x00007fa7600b21e0 done waiting for JavaVM references initialization in JVMCI runtime 0

Compilation events (20 events):
Event: 447.734 Thread 0x00007fa7600b36f0 8059  s    3       java.io.DataOutputStream::write (16 bytes)
Event: 450.620 Thread 0x00007fa7600b36f0 nmethod 8059 0x00007fa7483ff210 code [0x00007fa7483ff3c0, 0x00007fa7483ff860]
Event: 480.809 Thread 0x00007fa7600b36f0 8062   !   3       org.eclipse.jdt.internal.core.NameLookup::seekPackageFragments (470 bytes)
Event: 485.489 Thread 0x00007fa7600b36f0 nmethod 8062 0x00007fa7480ec110 code [0x00007fa7480ec4e0, 0x00007fa7480f0340]
Event: 485.489 Thread 0x00007fa7600b36f0 8061       3       org.eclipse.jdt.internal.compiler.lookup.CompilationUnitScope::recordTypeReference (35 bytes)
Event: 485.490 Thread 0x00007fa7600b36f0 nmethod 8061 0x00007fa748102d90 code [0x00007fa748102f80, 0x00007fa7481036c0]
Event: 495.229 Thread 0x00007fa7600b36f0 8063       3       org.eclipse.jdt.internal.compiler.lookup.BinaryTypeBinding$ExternalAnnotationStatus::isPotentiallyUnannotatedLib (44 bytes)
Event: 495.229 Thread 0x00007fa7600b36f0 nmethod 8063 0x00007fa747dc9e10 code [0x00007fa747dc9fc0, 0x00007fa747dca200]
Event: 529.018 Thread 0x00007fa7600b36f0 8064       3       org.eclipse.jdt.internal.compiler.lookup.BinaryTypeBinding::isPreviewFeature (37 bytes)
Event: 529.912 Thread 0x00007fa7600b36f0 nmethod 8064 0x00007fa747b65710 code [0x00007fa747b658e0, 0x00007fa747b65ba0]
Event: 542.032 Thread 0x00007fa7600b21e0 nmethod 8056 0x00007fa74f1c8d90 code [0x00007fa74f1c9000, 0x00007fa74f1c9da0]
Event: 595.937 Thread 0x00007fa7600b36f0 8065       3       org.eclipse.jdt.internal.compiler.lookup.CompilationUnitScope::recordTypeReferences (66 bytes)
Event: 600.614 Thread 0x00007fa7600b36f0 nmethod 8065 0x00007fa747b28490 code [0x00007fa747b286a0, 0x00007fa747b28f80]
Event: 614.797 Thread 0x00007fa7600b36f0 8066       3       org.eclipse.jdt.internal.compiler.classfmt.FieldInfo::getConstant (16 bytes)
Event: 614.797 Thread 0x00007fa7600b36f0 nmethod 8066 0x00007fa748307210 code [0x00007fa7483073c0, 0x00007fa748307540]
Event: 636.839 Thread 0x00007fa7600b21e0 8067       4       org.eclipse.jdt.internal.compiler.lookup.LookupEnvironment::getTypeFromSignature (376 bytes)
Event: 637.802 Thread 0x00007fa7600b36f0 8068       3       java.util.Collections$UnmodifiableMap::entrySet (32 bytes)
Event: 638.833 Thread 0x00007fa7600b36f0 nmethod 8068 0x00007fa74810c810 code [0x00007fa74810ca00, 0x00007fa74810d090]
Event: 638.833 Thread 0x00007fa7600b36f0 8069       3       java.util.Collections$UnmodifiableMap$UnmodifiableEntrySet::iterator (9 bytes)
Event: 644.418 Thread 0x00007fa7600b36f0 nmethod 8069 0x00007fa74847a990 code [0x00007fa74847ab40, 0x00007fa74847afc0]

GC Heap History (20 events):
Event: 647.436 GC heap before
{Heap before GC invocations=718 (full 606):
 PSYoungGen      total 33792K, used 26111K [0x00000000f5580000, 0x00000000f8500000, 0x0000000100000000)
  eden space 26112K, 99% used [0x00000000f5580000,0x00000000f6effff8,0x00000000f6f00000)
  from space 7680K, 0% used [0x00000000f7a00000,0x00000000f7a00000,0x00000000f8180000)
  to   space 9728K, 0% used [0x00000000f6f00000,0x00000000f6f00000,0x00000000f7880000)
 ParOldGen       total 349696K, used 349695K [0x00000000e0000000, 0x00000000f5580000, 0x00000000f5580000)
  object space 349696K, 99% used [0x00000000e0000000,0x00000000f557ffd8,0x00000000f5580000)
 Metaspace       used 53291K, committed 54272K, reserved 1105920K
  class space    used 5242K, committed 5632K, reserved 1048576K
}
Event: 648.532 GC heap after
{Heap after GC invocations=718 (full 606):
 PSYoungGen      total 35840K, used 26111K [0x00000000f5580000, 0x00000000f8500000, 0x0000000100000000)
  eden space 26112K, 99% used [0x00000000f5580000,0x00000000f6effff8,0x00000000f6f00000)
  from space 9728K, 0% used [0x00000000f6f00000,0x00000000f6f00000,0x00000000f7880000)
  to   space 7680K, 0% used [0x00000000f7a00000,0x00000000f7a00000,0x00000000f8180000)
 ParOldGen       total 349696K, used 349695K [0x00000000e0000000, 0x00000000f5580000, 0x00000000f5580000)
  object space 349696K, 99% used [0x00000000e0000000,0x00000000f557ffd8,0x00000000f5580000)
 Metaspace       used 53291K, committed 54272K, reserved 1105920K
  class space    used 5242K, committed 5632K, reserved 1048576K
}
Event: 648.533 GC heap before
{Heap before GC invocations=719 (full 607):
 PSYoungGen      total 35840K, used 26111K [0x00000000f5580000, 0x00000000f8500000, 0x0000000100000000)
  eden space 26112K, 99% used [0x00000000f5580000,0x00000000f6effff8,0x00000000f6f00000)
  from space 9728K, 0% used [0x00000000f6f00000,0x00000000f6f00000,0x00000000f7880000)
  to   space 7680K, 0% used [0x00000000f7a00000,0x00000000f7a00000,0x00000000f8180000)
 ParOldGen       total 349696K, used 349695K [0x00000000e0000000, 0x00000000f5580000, 0x00000000f5580000)
  object space 349696K, 99% used [0x00000000e0000000,0x00000000f557fff0,0x00000000f5580000)
 Metaspace       used 53292K, committed 54272K, reserved 1105920K
  class space    used 5242K, committed 5632K, reserved 1048576K
}
Event: 649.419 GC heap after
{Heap after GC invocations=719 (full 607):
 PSYoungGen      total 33792K, used 26111K [0x00000000f5580000, 0x00000000f8500000, 0x0000000100000000)
  eden space 26112K, 99% used [0x00000000f5580000,0x00000000f6effff8,0x00000000f6f00000)
  from space 7680K, 0% used [0x00000000f7a00000,0x00000000f7a00000,0x00000000f8180000)
  to   space 9728K, 0% used [0x00000000f6f00000,0x00000000f6f00000,0x00000000f7880000)
 ParOldGen       total 349696K, used 349695K [0x00000000e0000000, 0x00000000f5580000, 0x00000000f5580000)
  object space 349696K, 99% used [0x00000000e0000000,0x00000000f557fff0,0x00000000f5580000)
 Metaspace       used 53292K, committed 54272K, reserved 1105920K
  class space    used 5242K, committed 5632K, reserved 1048576K
}
Event: 649.419 GC heap before
{Heap before GC invocations=720 (full 608):
 PSYoungGen      total 33792K, used 26111K [0x00000000f5580000, 0x00000000f8500000, 0x0000000100000000)
  eden space 26112K, 99% used [0x00000000f5580000,0x00000000f6effff8,0x00000000f6f00000)
  from space 7680K, 0% used [0x00000000f7a00000,0x00000000f7a00000,0x00000000f8180000)
  to   space 9728K, 0% used [0x00000000f6f00000,0x00000000f6f00000,0x00000000f7880000)
 ParOldGen       total 349696K, used 349695K [0x00000000e0000000, 0x00000000f5580000, 0x00000000f5580000)
  object space 349696K, 99% used [0x00000000e0000000,0x00000000f557fff0,0x00000000f5580000)
 Metaspace       used 53292K, committed 54272K, reserved 1105920K
  class space    used 5242K, committed 5632K, reserved 1048576K
}
Event: 650.413 GC heap after
{Heap after GC invocations=720 (full 608):
 PSYoungGen      total 35840K, used 26111K [0x00000000f5580000, 0x00000000f8500000, 0x0000000100000000)
  eden space 26112K, 99% used [0x00000000f5580000,0x00000000f6effff8,0x00000000f6f00000)
  from space 9728K, 0% used [0x00000000f6f00000,0x00000000f6f00000,0x00000000f7880000)
  to   space 7680K, 0% used [0x00000000f7a00000,0x00000000f7a00000,0x00000000f8180000)
 ParOldGen       total 349696K, used 349695K [0x00000000e0000000, 0x00000000f5580000, 0x00000000f5580000)
  object space 349696K, 99% used [0x00000000e0000000,0x00000000f557fff0,0x00000000f5580000)
 Metaspace       used 53292K, committed 54272K, reserved 1105920K
  class space    used 5242K, committed 5632K, reserved 1048576K
}
Event: 650.413 GC heap before
{Heap before GC invocations=721 (full 609):
 PSYoungGen      total 35840K, used 26111K [0x00000000f5580000, 0x00000000f8500000, 0x0000000100000000)
  eden space 26112K, 99% used [0x00000000f5580000,0x00000000f6effff8,0x00000000f6f00000)
  from space 9728K, 0% used [0x00000000f6f00000,0x00000000f6f00000,0x00000000f7880000)
  to   space 7680K, 0% used [0x00000000f7a00000,0x00000000f7a00000,0x00000000f8180000)
 ParOldGen       total 349696K, used 349695K [0x00000000e0000000, 0x00000000f5580000, 0x00000000f5580000)
  object space 349696K, 99% used [0x00000000e0000000,0x00000000f557fff0,0x00000000f5580000)
 Metaspace       used 53292K, committed 54272K, reserved 1105920K
  class space    used 5242K, committed 5632K, reserved 1048576K
}
Event: 651.407 GC heap after
{Heap after GC invocations=721 (full 609):
 PSYoungGen      total 33792K, used 26111K [0x00000000f5580000, 0x00000000f8500000, 0x0000000100000000)
  eden space 26112K, 99% used [0x00000000f5580000,0x00000000f6effff8,0x00000000f6f00000)
  from space 7680K, 0% used [0x00000000f7a00000,0x00000000f7a00000,0x00000000f8180000)
  to   space 9728K, 0% used [0x00000000f6f00000,0x00000000f6f00000,0x00000000f7880000)
 ParOldGen       total 349696K, used 349695K [0x00000000e0000000, 0x00000000f5580000, 0x00000000f5580000)
  object space 349696K, 99% used [0x00000000e0000000,0x00000000f557fff0,0x00000000f5580000)
 Metaspace       used 53292K, committed 54272K, reserved 1105920K
  class space    used 5242K, committed 5632K, reserved 1048576K
}
Event: 651.407 GC heap before
{Heap before GC invocations=722 (full 610):
 PSYoungGen      total 33792K, used 26111K [0x00000000f5580000, 0x00000000f8500000, 0x0000000100000000)
  eden space 26112K, 99% used [0x00000000f5580000,0x00000000f6effff8,0x00000000f6f00000)
  from space 7680K, 0% used [0x00000000f7a00000,0x00000000f7a00000,0x00000000f8180000)
  to   space 9728K, 0% used [0x00000000f6f00000,0x00000000f6f00000,0x00000000f7880000)
 ParOldGen       total 349696K, used 349695K [0x00000000e0000000, 0x00000000f5580000, 0x00000000f5580000)
  object space 349696K, 99% used [0x00000000e0000000,0x00000000f557fff0,0x00000000f5580000)
 Metaspace       used 53292K, committed 54272K, reserved 1105920K
  class space    used 5242K, committed 5632K, reserved 1048576K
}
Event: 652.313 GC heap after
{Heap after GC invocations=722 (full 610):
 PSYoungGen      total 35840K, used 26111K [0x00000000f5580000, 0x00000000f8500000, 0x0000000100000000)
  eden space 26112K, 99% used [0x00000000f5580000,0x00000000f6effff8,0x00000000f6f00000)
  from space 9728K, 0% used [0x00000000f6f00000,0x00000000f6f00000,0x00000000f7880000)
  to   space 7680K, 0% used [0x00000000f7a00000,0x00000000f7a00000,0x00000000f8180000)
 ParOldGen       total 349696K, used 349695K [0x00000000e0000000, 0x00000000f5580000, 0x00000000f5580000)
  object space 349696K, 99% used [0x00000000e0000000,0x00000000f557fff0,0x00000000f5580000)
 Metaspace       used 53292K, committed 54272K, reserved 1105920K
  class space    used 5242K, committed 5632K, reserved 1048576K
}
Event: 652.313 GC heap before
{Heap before GC invocations=723 (full 611):
 PSYoungGen      total 35840K, used 26111K [0x00000000f5580000, 0x00000000f8500000, 0x0000000100000000)
  eden space 26112K, 99% used [0x00000000f5580000,0x00000000f6effff8,0x00000000f6f00000)
  from space 9728K, 0% used [0x00000000f6f00000,0x00000000f6f00000,0x00000000f7880000)
  to   space 7680K, 0% used [0x00000000f7a00000,0x00000000f7a00000,0x00000000f8180000)
 ParOldGen       total 349696K, used 349695K [0x00000000e0000000, 0x00000000f5580000, 0x00000000f5580000)
  object space 349696K, 99% used [0x00000000e0000000,0x00000000f557fff0,0x00000000f5580000)
 Metaspace       used 53292K, committed 54272K, reserved 1105920K
  class space    used 5242K, committed 5632K, reserved 1048576K
}
Event: 653.313 GC heap after
{Heap after GC invocations=723 (full 611):
 PSYoungGen      total 33792K, used 26111K [0x00000000f5580000, 0x00000000f8500000, 0x0000000100000000)
  eden space 26112K, 99% used [0x00000000f5580000,0x00000000f6effff8,0x00000000f6f00000)
  from space 7680K, 0% used [0x00000000f7a00000,0x00000000f7a00000,0x00000000f8180000)
  to   space 9728K, 0% used [0x00000000f6f00000,0x00000000f6f00000,0x00000000f7880000)
 ParOldGen       total 349696K, used 349695K [0x00000000e0000000, 0x00000000f5580000, 0x00000000f5580000)
  object space 349696K, 99% used [0x00000000e0000000,0x00000000f557fff0,0x00000000f5580000)
 Metaspace       used 53292K, committed 54272K, reserved 1105920K
  class space    used 5242K, committed 5632K, reserved 1048576K
}
Event: 653.313 GC heap before
{Heap before GC invocations=724 (full 612):
 PSYoungGen      total 33792K, used 26111K [0x00000000f5580000, 0x00000000f8500000, 0x0000000100000000)
  eden space 26112K, 99% used [0x00000000f5580000,0x00000000f6effff8,0x00000000f6f00000)
  from space 7680K, 0% used [0x00000000f7a00000,0x00000000f7a00000,0x00000000f8180000)
  to   space 9728K, 0% used [0x00000000f6f00000,0x00000000f6f00000,0x00000000f7880000)
 ParOldGen       total 349696K, used 349695K [0x00000000e0000000, 0x00000000f5580000, 0x00000000f5580000)
  object space 349696K, 99% used [0x00000000e0000000,0x00000000f557fff0,0x00000000f5580000)
 Metaspace       used 53292K, committed 54272K, reserved 1105920K
  class space    used 5242K, committed 5632K, reserved 1048576K
}
Event: 654.230 GC heap after
{Heap after GC invocations=724 (full 612):
 PSYoungGen      total 35840K, used 26111K [0x00000000f5580000, 0x00000000f8500000, 0x0000000100000000)
  eden space 26112K, 99% used [0x00000000f5580000,0x00000000f6effff8,0x00000000f6f00000)
  from space 9728K, 0% used [0x00000000f6f00000,0x00000000f6f00000,0x00000000f7880000)
  to   space 7680K, 0% used [0x00000000f7a00000,0x00000000f7a00000,0x00000000f8180000)
 ParOldGen       total 349696K, used 349695K [0x00000000e0000000, 0x00000000f5580000, 0x00000000f5580000)
  object space 349696K, 99% used [0x00000000e0000000,0x00000000f557fff0,0x00000000f5580000)
 Metaspace       used 53292K, committed 54272K, reserved 1105920K
  class space    used 5242K, committed 5632K, reserved 1048576K
}
Event: 654.230 GC heap before
{Heap before GC invocations=725 (full 613):
 PSYoungGen      total 35840K, used 26111K [0x00000000f5580000, 0x00000000f8500000, 0x0000000100000000)
  eden space 26112K, 99% used [0x00000000f5580000,0x00000000f6effff8,0x00000000f6f00000)
  from space 9728K, 0% used [0x00000000f6f00000,0x00000000f6f00000,0x00000000f7880000)
  to   space 7680K, 0% used [0x00000000f7a00000,0x00000000f7a00000,0x00000000f8180000)
 ParOldGen       total 349696K, used 349695K [0x00000000e0000000, 0x00000000f5580000, 0x00000000f5580000)
  object space 349696K, 99% used [0x00000000e0000000,0x00000000f557fff0,0x00000000f5580000)
 Metaspace       used 53292K, committed 54272K, reserved 1105920K
  class space    used 5242K, committed 5632K, reserved 1048576K
}
Event: 655.212 GC heap after
{Heap after GC invocations=725 (full 613):
 PSYoungGen      total 33792K, used 26111K [0x00000000f5580000, 0x00000000f8500000, 0x0000000100000000)
  eden space 26112K, 99% used [0x00000000f5580000,0x00000000f6effff8,0x00000000f6f00000)
  from space 7680K, 0% used [0x00000000f7a00000,0x00000000f7a00000,0x00000000f8180000)
  to   space 9728K, 0% used [0x00000000f6f00000,0x00000000f6f00000,0x00000000f7880000)
 ParOldGen       total 349696K, used 349695K [0x00000000e0000000, 0x00000000f5580000, 0x00000000f5580000)
  object space 349696K, 99% used [0x00000000e0000000,0x00000000f557ffd0,0x00000000f5580000)
 Metaspace       used 53292K, committed 54272K, reserved 1105920K
  class space    used 5242K, committed 5632K, reserved 1048576K
}
Event: 655.213 GC heap before
{Heap before GC invocations=726 (full 614):
 PSYoungGen      total 33792K, used 26111K [0x00000000f5580000, 0x00000000f8500000, 0x0000000100000000)
  eden space 26112K, 99% used [0x00000000f5580000,0x00000000f6effff8,0x00000000f6f00000)
  from space 7680K, 0% used [0x00000000f7a00000,0x00000000f7a00000,0x00000000f8180000)
  to   space 9728K, 0% used [0x00000000f6f00000,0x00000000f6f00000,0x00000000f7880000)
 ParOldGen       total 349696K, used 349695K [0x00000000e0000000, 0x00000000f5580000, 0x00000000f5580000)
  object space 349696K, 99% used [0x00000000e0000000,0x00000000f557fff0,0x00000000f5580000)
 Metaspace       used 53292K, committed 54272K, reserved 1105920K
  class space    used 5242K, committed 5632K, reserved 1048576K
}
Event: 656.210 GC heap after
{Heap after GC invocations=726 (full 614):
 PSYoungGen      total 35840K, used 26111K [0x00000000f5580000, 0x00000000f8500000, 0x0000000100000000)
  eden space 26112K, 99% used [0x00000000f5580000,0x00000000f6effff8,0x00000000f6f00000)
  from space 9728K, 0% used [0x00000000f6f00000,0x00000000f6f00000,0x00000000f7880000)
  to   space 7680K, 0% used [0x00000000f7a00000,0x00000000f7a00000,0x00000000f8180000)
 ParOldGen       total 349696K, used 349695K [0x00000000e0000000, 0x00000000f5580000, 0x00000000f5580000)
  object space 349696K, 99% used [0x00000000e0000000,0x00000000f557fff0,0x00000000f5580000)
 Metaspace       used 53292K, committed 54272K, reserved 1105920K
  class space    used 5242K, committed 5632K, reserved 1048576K
}
Event: 656.210 GC heap before
{Heap before GC invocations=727 (full 615):
 PSYoungGen      total 35840K, used 26111K [0x00000000f5580000, 0x00000000f8500000, 0x0000000100000000)
  eden space 26112K, 99% used [0x00000000f5580000,0x00000000f6effff8,0x00000000f6f00000)
  from space 9728K, 0% used [0x00000000f6f00000,0x00000000f6f00000,0x00000000f7880000)
  to   space 7680K, 0% used [0x00000000f7a00000,0x00000000f7a00000,0x00000000f8180000)
 ParOldGen       total 349696K, used 349695K [0x00000000e0000000, 0x00000000f5580000, 0x00000000f5580000)
  object space 349696K, 99% used [0x00000000e0000000,0x00000000f557fff0,0x00000000f5580000)
 Metaspace       used 53292K, committed 54272K, reserved 1105920K
  class space    used 5242K, committed 5632K, reserved 1048576K
}
Event: 657.117 GC heap after
{Heap after GC invocations=727 (full 615):
 PSYoungGen      total 33792K, used 26111K [0x00000000f5580000, 0x00000000f8500000, 0x0000000100000000)
  eden space 26112K, 99% used [0x00000000f5580000,0x00000000f6effff8,0x00000000f6f00000)
  from space 7680K, 0% used [0x00000000f7a00000,0x00000000f7a00000,0x00000000f8180000)
  to   space 9728K, 0% used [0x00000000f6f00000,0x00000000f6f00000,0x00000000f7880000)
 ParOldGen       total 349696K, used 349695K [0x00000000e0000000, 0x00000000f5580000, 0x00000000f5580000)
  object space 349696K, 99% used [0x00000000e0000000,0x00000000f557fff0,0x00000000f5580000)
 Metaspace       used 53292K, committed 54272K, reserved 1105920K
  class space    used 5242K, committed 5632K, reserved 1048576K
}

Dll operation events (8 events):
Event: 0.002 Loaded shared library /nix/store/gpxl5qgg8kicmcvivwmybwjlpf7wh20l-graalvm17-ce-22.3.0/lib/libjava.so
Event: 0.007 Loaded shared library /nix/store/gpxl5qgg8kicmcvivwmybwjlpf7wh20l-graalvm17-ce-22.3.0/lib/libjsvml.so
Event: 0.222 Loaded shared library /nix/store/gpxl5qgg8kicmcvivwmybwjlpf7wh20l-graalvm17-ce-22.3.0/lib/libnio.so
Event: 0.225 Loaded shared library /nix/store/gpxl5qgg8kicmcvivwmybwjlpf7wh20l-graalvm17-ce-22.3.0/lib/libzip.so
Event: 0.228 Loaded shared library /nix/store/gpxl5qgg8kicmcvivwmybwjlpf7wh20l-graalvm17-ce-22.3.0/lib/libjvmcicompiler.so
Event: 0.599 Loaded shared library /nix/store/gpxl5qgg8kicmcvivwmybwjlpf7wh20l-graalvm17-ce-22.3.0/lib/libjimage.so
Event: 2.305 Loaded shared library /nix/store/gpxl5qgg8kicmcvivwmybwjlpf7wh20l-graalvm17-ce-22.3.0/lib/libnet.so
Event: 3.704 Loaded shared library /home/runner/.cache/jdt-language-server/config/org.eclipse.equinox.launcher/org.eclipse.equinox.launcher.gtk.linux.x86_64_1.2.400.v20211117-0650/eclipse_11600.so

Deoptimization events (20 events):
Event: 627.714 Thread 0x00007fa6f04c3860 Uncommon trap: trap_request=0xffffff8f fr.pc=0x00007fa74f1c9cfe relative=0x0000000000000cfe
Event: 627.714 Thread 0x00007fa6f04c3860 Uncommon trap: reason=constraint action=none pc=0x00007fa74f1c9cfe method=org.eclipse.jdt.core.compiler.CharOperation.splitOn(C[CII)[[C @ 129 jvmci
Event: 627.714 Thread 0x00007fa6f04c3860 DEOPT PACKING pc=0x00007fa74f1c9cfe sp=0x00007fa7448fccc0
Event: 627.714 Thread 0x00007fa6f04c3860 DEOPT UNPACKING pc=0x00007fa747505325 sp=0x00007fa7448fc0b8 mode 3
Event: 631.490 Thread 0x00007fa6f06690f0 Uncommon trap: trap_request=0xffffff8f fr.pc=0x00007fa74f1a2f95 relative=0x0000000000001055
Event: 631.490 Thread 0x00007fa6f06690f0 Uncommon trap: reason=constraint action=none pc=0x00007fa74f1a2f95 method=org.eclipse.jdt.internal.core.index.DiskIndex.copyQueryResults(Lorg/eclipse/jdt/internal/compiler/util/HashtableOfObject;I)V @ 123 jvmci
Event: 631.490 Thread 0x00007fa6f06690f0 DEOPT PACKING pc=0x00007fa74f1a2f95 sp=0x00007fa7443fe550
Event: 631.490 Thread 0x00007fa6f06690f0 DEOPT UNPACKING pc=0x00007fa747505325 sp=0x00007fa7443fda28 mode 3
Event: 646.428 Thread 0x00007fa6f06690f0 Uncommon trap: trap_request=0xffffff8f fr.pc=0x00007fa74f1b2914 relative=0x0000000000000274
Event: 646.428 Thread 0x00007fa6f06690f0 Uncommon trap: reason=constraint action=none pc=0x00007fa74f1b2914 method=org.eclipse.jdt.internal.core.index.DiskIndex$IntList.add(I)V @ 0 jvmci
Event: 648.532 Thread 0x00007fa6f06690f0 DEOPT PACKING pc=0x00007fa74f1b2914 sp=0x00007fa7443fe500
Event: 648.532 Thread 0x00007fa6f06690f0 DEOPT UNPACKING pc=0x00007fa747505325 sp=0x00007fa7443fd9b0 mode 3
Event: 650.413 Thread 0x00007fa7602ee430 Uncommon trap: trap_request=0xffffff8f fr.pc=0x00007fa74f04aa97 relative=0x00000000000000f7
Event: 650.413 Thread 0x00007fa7602ee430 Uncommon trap: reason=constraint action=none pc=0x00007fa74f04aa97 method=java.lang.StringBuilder.<init>()V @ 0 jvmci
Event: 650.413 Thread 0x00007fa7602ee430 DEOPT PACKING pc=0x00007fa74f04aa97 sp=0x00007fa7470af820
Event: 650.413 Thread 0x00007fa7602ee430 DEOPT UNPACKING pc=0x00007fa747505325 sp=0x00007fa7470aecc8 mode 3
Event: 652.313 Thread 0x00007fa7602ee430 Uncommon trap: trap_request=0xffffff8f fr.pc=0x00007fa74f0108e5 relative=0x0000000000000145
Event: 652.313 Thread 0x00007fa7602ee430 Uncommon trap: reason=constraint action=none pc=0x00007fa74f0108e5 method=java.lang.AbstractStringBuilder.<init>(I)V @ 0 jvmci
Event: 652.313 Thread 0x00007fa7602ee430 DEOPT PACKING pc=0x00007fa74f0108e5 sp=0x00007fa7470af7b0
Event: 652.313 Thread 0x00007fa7602ee430 DEOPT UNPACKING pc=0x00007fa747505325 sp=0x00007fa7470aec58 mode 3

Classes unloaded (20 events):
Event: 154.112 Thread 0x00007fa7600a1c10 Unloading class 0x0000000800cb0000 'java/lang/invoke/LambdaForm$MH+0x0000000800cb0000'
Event: 163.401 Thread 0x00007fa7600a1c10 Unloading class 0x0000000800ff5c00 'jdk/internal/reflect/GeneratedSerializationConstructorAccessor33'
Event: 163.401 Thread 0x00007fa7600a1c10 Unloading class 0x0000000800ff5800 'jdk/internal/reflect/GeneratedSerializationConstructorAccessor32'
Event: 163.401 Thread 0x00007fa7600a1c10 Unloading class 0x0000000800ff5400 'jdk/internal/reflect/GeneratedSerializationConstructorAccessor31'
Event: 163.401 Thread 0x00007fa7600a1c10 Unloading class 0x0000000800ff5000 'jdk/internal/reflect/GeneratedSerializationConstructorAccessor30'
Event: 166.107 Thread 0x00007fa7600a1c10 Unloading class 0x0000000800e05c00 'jdk/internal/reflect/GeneratedMethodAccessor8'
Event: 168.696 Thread 0x00007fa7600a1c10 Unloading class 0x00000008010c4000 'jdk/internal/reflect/GeneratedMethodAccessor12'
Event: 168.696 Thread 0x00007fa7600a1c10 Unloading class 0x00000008010bc000 'jdk/internal/reflect/GeneratedMethodAccessor11'
Event: 168.696 Thread 0x00007fa7600a1c10 Unloading class 0x0000000801088000 'jdk/internal/reflect/GeneratedMethodAccessor9'
Event: 169.801 Thread 0x00007fa7600a1c10 Unloading class 0x0000000800e04c00 'jdk/internal/reflect/GeneratedMethodAccessor7'
Event: 170.909 Thread 0x00007fa7600a1c10 Unloading class 0x0000000801088400 'jdk/internal/reflect/GeneratedMethodAccessor10'
Event: 173.411 Thread 0x00007fa7600a1c10 Unloading class 0x0000000800d9c400 'java/lang/invoke/LambdaForm$MH+0x0000000800d9c400'
Event: 173.411 Thread 0x00007fa7600a1c10 Unloading class 0x0000000800d91400 'java/lang/invoke/LambdaForm$MH+0x0000000800d91400'
Event: 173.411 Thread 0x00007fa7600a1c10 Unloading class 0x0000000800d91000 'java/lang/invoke/LambdaForm$MH+0x0000000800d91000'
Event: 173.411 Thread 0x00007fa7600a1c10 Unloading class 0x0000000800d90c00 'java/lang/invoke/LambdaForm$MH+0x0000000800d90c00'
Event: 173.411 Thread 0x00007fa7600a1c10 Unloading class 0x0000000800d90800 'java/lang/invoke/LambdaForm$MH+0x0000000800d90800'
Event: 173.411 Thread 0x00007fa7600a1c10 Unloading class 0x0000000800d90400 'java/lang/invoke/LambdaForm$MH+0x0000000800d90400'
Event: 173.411 Thread 0x00007fa7600a1c10 Unloading class 0x0000000800d90000 'java/lang/invoke/LambdaForm$MH+0x0000000800d90000'
Event: 178.818 Thread 0x00007fa7600a1c10 Unloading class 0x0000000801154800 'jdk/internal/reflect/GeneratedConstructorAccessor24'
Event: 312.840 Thread 0x00007fa7600a1c10 Unloading class 0x0000000800ff8000 'jdk/internal/reflect/GeneratedConstructorAccessor14'

Classes redefined (0 events):
No events

Internal exceptions (20 events):
Event: 23.999 Thread 0x00007fa6c81a3fd0 Exception <a 'java/lang/NoSuchMethodError'{0x00000000f64ea9f8}: 'int java.lang.invoke.DirectMethodHandle$Holder.invokeSpecialIFC(java.lang.Object, java.lang.Object, java.lang.Object, java.lang.Object)'> (0x00000000f64ea9f8) 
thrown [src/hotspot/share/interpreter/linkResolver.cpp, line 758]
Event: 24.509 Thread 0x00007fa6c81a1980 Exception <a 'java/io/FileNotFoundException'{0x00000000f619ff30}> (0x00000000f619ff30) 
thrown [src/hotspot/share/prims/jni.cpp, line 516]
Event: 25.014 Thread 0x00007fa6e0007150 Exception <a 'java/lang/NoSuchMethodError'{0x00000000f64444f8}: 'java.lang.Object java.lang.invoke.DirectMethodHandle$Holder.invokeStatic(java.lang.Object, java.lang.Object, int, java.lang.Object)'> (0x00000000f64444f8) 
thrown [src/hotspot/share/interpreter/linkResolver.cpp, line 758]
Event: 25.090 Thread 0x00007fa6e0007150 Exception <a 'java/lang/NoSuchMethodError'{0x00000000f644d310}: 'java.lang.Object java.lang.invoke.DirectMethodHandle$Holder.newInvokeSpecial(java.lang.Object, java.lang.Object, int)'> (0x00000000f644d310) 
thrown [src/hotspot/share/interpreter/linkResolver.cpp, line 758]
Event: 26.800 Thread 0x00007fa7604012d0 Exception <a 'java/lang/ClassNotFoundException'{0x00000000f5dac880}: sun/util/logging/resources/spi/loggingProvider> (0x00000000f5dac880) 
thrown [src/hotspot/share/classfile/systemDictionary.cpp, line 256]
Event: 166.621 Thread 0x00007fa6f04c3860 Implicit null exception at 0x00007fa74efff95a to 0x00007fa74efffcd7
Event: 627.714 Thread 0x00007fa6f04c3860 Exception <a 'java/lang/OutOfMemoryError'{0x00000000e00bc818}> (0x00000000e00bc818) 
thrown [src/hotspot/share/gc/shared/memAllocator.cpp, line 138]
Event: 627.714 Thread 0x00007fa6f04c3860 Implicit null exception at 0x00007fa74f1c9841 to 0x00007fa74f1c9ce3
Event: 631.490 Thread 0x00007fa6f06690f0 Exception <a 'java/lang/OutOfMemoryError'{0x00000000e00bc278}> (0x00000000e00bc278) 
thrown [src/hotspot/share/gc/shared/memAllocator.cpp, line 138]
Event: 631.490 Thread 0x00007fa6f06690f0 Implicit null exception at 0x00007fa74f1a2a03 to 0x00007fa74f1a2f7a
Event: 644.419 Thread 0x00007fa7602ee430 Exception <a 'java/lang/OutOfMemoryError'{0x00000000e00bbff8}> (0x00000000e00bbff8) 
thrown [src/hotspot/share/gc/shared/memAllocator.cpp, line 136]
Event: 646.428 Thread 0x00007fa6f06690f0 Exception <a 'java/lang/OutOfMemoryError'{0x00000000e00bbcd8}> (0x00000000e00bbcd8) 
thrown [src/hotspot/share/gc/shared/memAllocator.cpp, line 138]
Event: 646.428 Thread 0x00007fa6f06690f0 Implicit null exception at 0x00007fa74f1b286d to 0x00007fa74f1b28f9
Event: 648.532 Thread 0x00007fa7602ee430 Exception <a 'java/lang/OutOfMemoryError'{0x00000000e00bbff8}> (0x00000000e00bbff8) 
thrown [src/hotspot/share/gc/shared/memAllocator.cpp, line 136]
Event: 650.413 Thread 0x00007fa7602ee430 Exception <a 'java/lang/OutOfMemoryError'{0x00000000e00bbcd8}> (0x00000000e00bbcd8) 
thrown [src/hotspot/share/gc/shared/memAllocator.cpp, line 138]
Event: 650.413 Thread 0x00007fa7602ee430 Implicit null exception at 0x00007fa74f04aa75 to 0x00007fa74f04aa7c
Event: 652.313 Thread 0x00007fa7602ee430 Exception <a 'java/lang/OutOfMemoryError'{0x00000000e00bbcd8}> (0x00000000e00bbcd8) 
thrown [src/hotspot/share/gc/shared/memAllocator.cpp, line 138]
Event: 652.313 Thread 0x00007fa7602ee430 Implicit null exception at 0x00007fa74f0108b7 to 0x00007fa74f0108ca
Event: 654.230 Thread 0x00007fa76036df20 Exception <a 'java/lang/OutOfMemoryError'{0x00000000e00bbff8}> (0x00000000e00bbff8) 
thrown [src/hotspot/share/gc/shared/memAllocator.cpp, line 136]
Event: 657.117 Thread 0x00007fa7600b21e0 Exception <a 'java/lang/OutOfMemoryError'{0x00000000e00bbff8}> (0x00000000e00bbff8) 
thrown [src/hotspot/share/gc/shared/memAllocator.cpp, line 136]

VM Operations (20 events):
Event: 641.593 Executing VM operation: ParallelGCFailedAllocation done
Event: 641.593 Executing VM operation: ParallelGCFailedAllocation
Event: 642.505 Executing VM operation: ParallelGCFailedAllocation done
Event: 642.505 Executing VM operation: ParallelGCFailedAllocation
Event: 644.418 Executing VM operation: ParallelGCFailedAllocation done
Event: 644.419 Executing VM operation: ParallelGCFailedAllocation
Event: 646.428 Executing VM operation: ParallelGCFailedAllocation done
Event: 646.428 Executing VM operation: ParallelGCFailedAllocation
Event: 648.532 Executing VM operation: ParallelGCFailedAllocation done
Event: 648.533 Executing VM operation: ParallelGCFailedAllocation
Event: 650.413 Executing VM operation: ParallelGCFailedAllocation done
Event: 650.413 Executing VM operation: ParallelGCFailedAllocation
Event: 652.313 Executing VM operation: ParallelGCFailedAllocation done
Event: 652.313 Executing VM operation: ParallelGCFailedAllocation
Event: 654.230 Executing VM operation: ParallelGCFailedAllocation done
Event: 654.230 Executing VM operation: ParallelGCFailedAllocation
Event: 655.212 Executing VM operation: ParallelGCFailedAllocation done
Event: 655.212 Executing VM operation: ParallelGCFailedAllocation
Event: 657.117 Executing VM operation: ParallelGCFailedAllocation done
Event: 657.117 Executing VM operation: ParallelGCFailedAllocation

Events (20 events):
Event: 43.401 Thread 0x00007fa7600b4b40 flushing nmethod 0x00007fa748549290
Event: 43.401 Thread 0x00007fa7600b4b40 flushing nmethod 0x00007fa74856a190
Event: 43.401 Thread 0x00007fa7600b4b40 flushing nmethod 0x00007fa748570e10
Event: 43.401 Thread 0x00007fa7600b4b40 flushing nmethod 0x00007fa7485cd990
Event: 43.401 Thread 0x00007fa7600b4b40 flushing nmethod 0x00007fa74866a490
Event: 43.401 Thread 0x00007fa7600b4b40 flushing nmethod 0x00007fa748691210
Event: 43.401 Thread 0x00007fa7600b4b40 flushing nmethod 0x00007fa74869cf10
Event: 43.402 Thread 0x00007fa7600b4b40 flushing nmethod 0x00007fa7486ffd10
Event: 43.402 Thread 0x00007fa7600b4b40 flushing nmethod 0x00007fa748719010
Event: 85.097 Thread 0x00007fa6d8000ff0 Thread exited: 0x00007fa6d8000ff0
Event: 89.130 Thread 0x00007fa7602184a0 Thread exited: 0x00007fa7602184a0
Event: 155.412 Thread 0x00007fa6c8151650 Thread added: 0x00007fa6c8151650
Event: 155.412 Protecting memory [0x00007fa70ec00000,0x00007fa70ec04000] with protection modes 0
Event: 164.110 Thread 0x00007fa6c8151fb0 Thread added: 0x00007fa6c8151fb0
Event: 164.110 Protecting memory [0x00007fa70e300000,0x00007fa70e304000] with protection modes 0
Event: 164.193 Thread 0x00007fa6c8151fb0 Thread exited: 0x00007fa6c8151fb0
Event: 165.399 Thread 0x00007fa6e033a690 Thread added: 0x00007fa6e033a690
Event: 165.399 Protecting memory [0x00007fa70e300000,0x00007fa70e304000] with protection modes 0
Event: 165.399 Thread 0x00007fa6c8153630 Thread added: 0x00007fa6c8153630
Event: 165.401 Protecting memory [0x00007fa70e100000,0x00007fa70e104000] with protection modes 0


Dynamic libraries:
e0000000-f5580000 rw-p 00000000 00:00 0 
f5580000-f8500000 rw-p 00000000 00:00 0 
f8500000-100000000 ---p 00000000 00:00 0 
800000000-800449000 rw-p 00001000 00:1356 4611686019135357769            /nix/store/gpxl5qgg8kicmcvivwmybwjlpf7wh20l-graalvm17-ce-22.3.0/lib/server/classes.jsa
800449000-800bc8000 r--p 0044a000 00:1356 4611686019135357769            /nix/store/gpxl5qgg8kicmcvivwmybwjlpf7wh20l-graalvm17-ce-22.3.0/lib/server/classes.jsa
800bc8000-800c00000 ---p 00000000 00:00 0 
800c00000-800c20000 rw-p 00000000 00:00 0 
800c20000-800c40000 rw-p 00000000 00:00 0 
800c40000-800cc0000 rw-p 00000000 00:00 0 
800cc0000-800d00000 rw-p 00000000 00:00 0 
800d00000-800dc0000 rw-p 00000000 00:00 0 
800dc0000-800e00000 rw-p 00000000 00:00 0 
800e00000-801180000 rw-p 00000000 00:00 0 
801180000-840c00000 ---p 00000000 00:00 0 
556798d17000-556798d18000 r-xp 00000000 00:1356 4611686019099417844      /nix/store/gpxl5qgg8kicmcvivwmybwjlpf7wh20l-graalvm17-ce-22.3.0/bin/.java-wrapped
556798d19000-556798d1a000 r--p 00001000 00:1356 4611686019099417844      /nix/store/gpxl5qgg8kicmcvivwmybwjlpf7wh20l-graalvm17-ce-22.3.0/bin/.java-wrapped
556798d1a000-556798d1b000 rw-p 00002000 00:1356 4611686019099417844      /nix/store/gpxl5qgg8kicmcvivwmybwjlpf7wh20l-graalvm17-ce-22.3.0/bin/.java-wrapped
556798d1b000-556798d1c000 rw-p 00004000 00:1356 4611686019099417844      /nix/store/gpxl5qgg8kicmcvivwmybwjlpf7wh20l-graalvm17-ce-22.3.0/bin/.java-wrapped
556798d1c000-556798d1d000 rw-p 00005000 00:1356 4611686019099417844      /nix/store/gpxl5qgg8kicmcvivwmybwjlpf7wh20l-graalvm17-ce-22.3.0/bin/.java-wrapped
55679acc7000-55679ad0f000 rw-p 00000000 00:00 0                          [heap]
7fa6b0000000-7fa6b00e5000 rw-p 00000000 00:00 0 
7fa6b00e5000-7fa6b4000000 ---p 00000000 00:00 0 
7fa6b8000000-7fa6b810e000 rw-p 00000000 00:00 0 
7fa6b810e000-7fa6bc000000 ---p 00000000 00:00 0 
7fa6be4b3000-7fa6c8000000 r--s 00000000 00:1356 4611686019135192581      /nix/store/gpxl5qgg8kicmcvivwmybwjlpf7wh20l-graalvm17-ce-22.3.0/lib/modules
7fa6c8000000-7fa6c81b7000 rw-p 00000000 00:00 0 
7fa6c81b7000-7fa6cc000000 ---p 00000000 00:00 0 
7fa6cc000000-7fa6cc39b000 rw-p 00000000 00:00 0 
7fa6cc39b000-7fa6d0000000 ---p 00000000 00:00 0 
7fa6d0000000-7fa6d0021000 rw-p 00000000 00:00 0 
7fa6d0021000-7fa6d4000000 ---p 00000000 00:00 0 
7fa6d4000000-7fa6d4021000 rw-p 00000000 00:00 0 
7fa6d4021000-7fa6d8000000 ---p 00000000 00:00 0 
7fa6d8000000-7fa6d8023000 rw-p 00000000 00:00 0 
7fa6d8023000-7fa6dc000000 ---p 00000000 00:00 0 
7fa6dc000000-7fa6dc040000 rw-p 00000000 00:00 0 
7fa6dc040000-7fa6e0000000 ---p 00000000 00:00 0 
7fa6e0000000-7fa6e03a0000 rw-p 00000000 00:00 0 
7fa6e03a0000-7fa6e4000000 ---p 00000000 00:00 0 
7fa6e4000000-7fa6e404e000 rw-p 00000000 00:00 0 
7fa6e404e000-7fa6e8000000 ---p 00000000 00:00 0 
7fa6e8000000-7fa6e81a9000 rw-p 00000000 00:00 0 
7fa6e81a9000-7fa6ec000000 ---p 00000000 00:00 0 
7fa6ec000000-7fa6ec021000 rw-p 00000000 00:00 0 
7fa6ec021000-7fa6f0000000 ---p 00000000 00:00 0 
7fa6f0000000-7fa6f0918000 rw-p 00000000 00:00 0 
7fa6f0918000-7fa6f4000000 ---p 00000000 00:00 0 
7fa6f4000000-7fa6f4021000 rw-p 00000000 00:00 0 
7fa6f4021000-7fa6f8000000 ---p 00000000 00:00 0 
7fa6f8000000-7fa6f8021000 rw-p 00000000 00:00 0 
7fa6f8021000-7fa6fc000000 ---p 00000000 00:00 0 
7fa6fc000000-7fa6fc021000 rw-p 00000000 00:00 0 
7fa6fc021000-7fa700000000 ---p 00000000 00:00 0 
7fa701400000-7fa701460000 rw-p 00000000 00:00 0 
7fa701460000-7fa701c00000 ---p 00000000 00:00 0 
7fa701c00000-7fa702300000 rw-p 00000000 00:00 0 
7fa702300000-7fa702320000 rw-p 00000000 00:00 0 
7fa702320000-7fa702400000 ---p 00000000 00:00 0 
7fa702800000-7fa702900000 rw-p 00000000 00:00 0 
7fa702900000-7fa702a00000 rw-p 00000000 00:00 0 
7fa702a00000-7fa702f60000 rw-p 00000000 00:00 0 
7fa702f60000-7fa702f80000 rw-p 00000000 00:00 0 
7fa702f80000-7fa703000000 rw-p 00000000 00:00 0 
7fa703200000-7fa703210000 r-xp 00000000 00:1353 372                      /home/runner/.cache/jdt-language-server/config/org.eclipse.equinox.launcher/org.eclipse.equinox.launcher.gtk.linux.x86_64_1.2.400.v20211117-0650/eclipse_11600.so
7fa703210000-7fa70340f000 ---p 00010000 00:1353 372                      /home/runner/.cache/jdt-language-server/config/org.eclipse.equinox.launcher/org.eclipse.equinox.launcher.gtk.linux.x86_64_1.2.400.v20211117-0650/eclipse_11600.so
7fa70340f000-7fa703410000 r--p 0000f000 00:1353 372                      /home/runner/.cache/jdt-language-server/config/org.eclipse.equinox.launcher/org.eclipse.equinox.launcher.gtk.linux.x86_64_1.2.400.v20211117-0650/eclipse_11600.so
7fa703410000-7fa703411000 rw-p 00010000 00:1353 372                      /home/runner/.cache/jdt-language-server/config/org.eclipse.equinox.launcher/org.eclipse.equinox.launcher.gtk.linux.x86_64_1.2.400.v20211117-0650/eclipse_11600.so
7fa704000000-7fa704021000 rw-p 00000000 00:00 0 
7fa704021000-7fa708000000 ---p 00000000 00:00 0 
7fa70b400000-7fa70bc00000 rw-p 00000000 00:00 0 
7fa70c000000-7fa70c100000 rw-p 00000000 00:00 0 
7fa70c100000-7fa70c200000 rw-p 00000000 00:00 0 
7fa70c200000-7fa70c580000 rw-p 00000000 00:00 0 
7fa70c580000-7fa70c600000 rw-p 00000000 00:00 0 
7fa70c600000-7fa70c800000 rw-p 00000000 00:00 0 
7fa70cf00000-7fa70d000000 ---p 00000000 00:00 0 
7fa70d000000-7fa70d5af000 r--p 01122000 00:1356 4611686019135190040      /nix/store/gpxl5qgg8kicmcvivwmybwjlpf7wh20l-graalvm17-ce-22.3.0/lib/libjvmcicompiler.so
7fa70d5af000-7fa70d700000 r--p 00000000 00:00 0 
7fa70d700000-7fa70d73d000 rw-p 00000000 00:00 0 
7fa70d73d000-7fa70dc5d000 rw-p 0185f000 00:1356 4611686019135190040      /nix/store/gpxl5qgg8kicmcvivwmybwjlpf7wh20l-graalvm17-ce-22.3.0/lib/libjvmcicompiler.so
7fa70dc5d000-7fa70e044000 r--p 01d7f000 00:1356 4611686019135190040      /nix/store/gpxl5qgg8kicmcvivwmybwjlpf7wh20l-graalvm17-ce-22.3.0/lib/libjvmcicompiler.so
7fa70e100000-7fa70e104000 ---p 00000000 00:00 0 
7fa70e104000-7fa70e200000 rw-p 00000000 00:00 0 
7fa70e300000-7fa70e304000 ---p 00000000 00:00 0 
7fa70e304000-7fa70e400000 rw-p 00000000 00:00 0 
7fa70e400000-7fa70e700000 rw-p 00000000 00:00 0 
7fa70e700000-7fa70e800000 rw-p 00000000 00:00 0 
7fa70e800000-7fa70ec00000 rw-p 00000000 00:00 0 
7fa70ec00000-7fa70ec04000 ---p 00000000 00:00 0 
7fa70ec04000-7fa70ed00000 rw-p 00000000 00:00 0 
7fa70ed00000-7fa70ed04000 ---p 00000000 00:00 0 
7fa70ed04000-7fa70ee00000 rw-p 00000000 00:00 0 
7fa70fa68000-7fa70ff00000 rw-p 00000000 00:00 0 
7fa710000000-7fa710021000 rw-p 00000000 00:00 0 
7fa710021000-7fa714000000 ---p 00000000 00:00 0 
7fa714000000-7fa714021000 rw-p 00000000 00:00 0 
7fa714021000-7fa718000000 ---p 00000000 00:00 0 
7fa718000000-7fa718021000 rw-p 00000000 00:00 0 
7fa718021000-7fa71c000000 ---p 00000000 00:00 0 
7fa71c000000-7fa71c021000 rw-p 00000000 00:00 0 
7fa71c021000-7fa720000000 ---p 00000000 00:00 0 
7fa720000000-7fa7200ba000 rw-p 00000000 00:00 0 
7fa7200ba000-7fa724000000 ---p 00000000 00:00 0 
7fa724000000-7fa724ace000 rw-p 00000000 00:00 0 
7fa724ace000-7fa728000000 ---p 00000000 00:00 0 
7fa728000000-7fa728021000 rw-p 00000000 00:00 0 
7fa728021000-7fa72c000000 ---p 00000000 00:00 0 
7fa72c000000-7fa72c021000 rw-p 00000000 00:00 0 
7fa72c021000-7fa730000000 ---p 00000000 00:00 0 
7fa730000000-7fa730021000 rw-p 00000000 00:00 0 
7fa730021000-7fa734000000 ---p 00000000 00:00 0 
7fa734000000-7fa734021000 rw-p 00000000 00:00 0 
7fa734021000-7fa738000000 ---p 00000000 00:00 0 
7fa738000000-7fa738021000 rw-p 00000000 00:00 0 
7fa738021000-7fa73c000000 ---p 00000000 00:00 0 
7fa73c000000-7fa73c021000 rw-p 00000000 00:00 0 
7fa73c021000-7fa740000000 ---p 00000000 00:00 0 
7fa740000000-7fa7400ff000 rw-p 00000000 00:00 0 
7fa7400ff000-7fa744000000 ---p 00000000 00:00 0 
7fa744100000-7fa744104000 ---p 00000000 00:00 0 
7fa744104000-7fa744200000 rw-p 00000000 00:00 0 
7fa744200000-7fa744204000 ---p 00000000 00:00 0 
7fa744204000-7fa744300000 rw-p 00000000 00:00 0 
7fa744300000-7fa744304000 ---p 00000000 00:00 0 
7fa744304000-7fa744400000 rw-p 00000000 00:00 0 
7fa744400000-7fa744404000 ---p 00000000 00:00 0 
7fa744404000-7fa744500000 rw-p 00000000 00:00 0 
7fa744500000-7fa744504000 ---p 00000000 00:00 0 
7fa744504000-7fa744600000 rw-p 00000000 00:00 0 
7fa744600000-7fa744604000 ---p 00000000 00:00 0 
7fa744604000-7fa744700000 rw-p 00000000 00:00 0 
7fa744700000-7fa744704000 ---p 00000000 00:00 0 
7fa744704000-7fa744800000 rw-p 00000000 00:00 0 
7fa744800000-7fa744804000 ---p 00000000 00:00 0 
7fa744804000-7fa744900000 rw-p 00000000 00:00 0 
7fa744900000-7fa744904000 ---p 00000000 00:00 0 
7fa744904000-7fa744a00000 rw-p 00000000 00:00 0 
7fa744a00000-7fa744a04000 ---p 00000000 00:00 0 
7fa744a04000-7fa744b00000 rw-p 00000000 00:00 0 
7fa744b00000-7fa744b04000 ---p 00000000 00:00 0 
7fa744b04000-7fa744c00000 rw-p 00000000 00:00 0 
7fa744c00000-7fa746d6a000 r-xp 00000000 00:1356 4611686019135190040      /nix/store/gpxl5qgg8kicmcvivwmybwjlpf7wh20l-graalvm17-ce-22.3.0/lib/libjvmcicompiler.so
7fa746d6a000-7fa746f69000 ---p 0216a000 00:1356 4611686019135190040      /nix/store/gpxl5qgg8kicmcvivwmybwjlpf7wh20l-graalvm17-ce-22.3.0/lib/libjvmcicompiler.so
7fa746f69000-7fa746f6a000 r--p 02169000 00:1356 4611686019135190040      /nix/store/gpxl5qgg8kicmcvivwmybwjlpf7wh20l-graalvm17-ce-22.3.0/lib/libjvmcicompiler.so
7fa746f6a000-7fa746f6c000 rw-p 0216a000 00:1356 4611686019135190040      /nix/store/gpxl5qgg8kicmcvivwmybwjlpf7wh20l-graalvm17-ce-22.3.0/lib/libjvmcicompiler.so
7fa746f6c000-7fa746f6d000 rw-p 00000000 00:00 0 
7fa746f6d000-7fa746f72000 rw-p 023c3000 00:1356 4611686019135190040      /nix/store/gpxl5qgg8kicmcvivwmybwjlpf7wh20l-graalvm17-ce-22.3.0/lib/libjvmcicompiler.so
7fa746fb1000-7fa746fb5000 ---p 00000000 00:00 0 
7fa746fb5000-7fa7470b1000 rw-p 00000000 00:00 0 
7fa7470b1000-7fa7470b2000 ---p 00000000 00:00 0 
7fa7470b2000-7fa7471b3000 rw-p 00000000 00:00 0 
7fa7471b3000-7fa7471b7000 ---p 00000000 00:00 0 
7fa7471b7000-7fa7472b3000 rw-p 00000000 00:00 0 
7fa7472b3000-7fa7472b7000 ---p 00000000 00:00 0 
7fa7472b7000-7fa7473b3000 rw-p 00000000 00:00 0 
7fa7473b3000-7fa7473b7000 ---p 00000000 00:00 0 
7fa7473b7000-7fa7474b3000 rw-p 00000000 00:00 0 
7fa7474b3000-7fa747723000 rwxp 00000000 00:00 0 
7fa747723000-7fa747a42000 ---p 00000000 00:00 0 
7fa747a42000-7fa748742000 rwxp 00000000 00:00 0 
7fa748742000-7fa74ef7a000 ---p 00000000 00:00 0 
7fa74ef7a000-7fa74f1ea000 rwxp 00000000 00:00 0 
7fa74f1ea000-7fa7564b3000 ---p 00000000 00:00 0 
7fa7564b3000-7fa760000000 r--s 00000000 00:1356 4611686019135192581      /nix/store/gpxl5qgg8kicmcvivwmybwjlpf7wh20l-graalvm17-ce-22.3.0/lib/modules
7fa760000000-7fa760414000 rw-p 00000000 00:00 0 
7fa760414000-7fa764000000 ---p 00000000 00:00 0 
7fa76401a000-7fa76401e000 ---p 00000000 00:00 0 
7fa76401e000-7fa76421a000 rw-p 00000000 00:00 0 
7fa76421a000-7fa76421e000 ---p 00000000 00:00 0 
7fa76421e000-7fa76441a000 rw-p 00000000 00:00 0 
7fa76441a000-7fa76441e000 ---p 00000000 00:00 0 
7fa76441e000-7fa76451a000 rw-p 00000000 00:00 0 
7fa76451a000-7fa76451e000 ---p 00000000 00:00 0 
7fa76451e000-7fa76461a000 rw-p 00000000 00:00 0 
7fa76461a000-7fa76461e000 ---p 00000000 00:00 0 
7fa76461e000-7fa76471a000 rw-p 00000000 00:00 0 
7fa76471a000-7fa764a00000 r--p 00000000 00:133d 28444448                 /usr/lib/locale/locale-archive
7fa764a00000-7fa764a04000 ---p 00000000 00:00 0 
7fa764a04000-7fa764b00000 rw-p 00000000 00:00 0 
7fa764b00000-7fa764b04000 ---p 00000000 00:00 0 
7fa764b04000-7fa765000000 rw-p 00000000 00:00 0 
7fa765000000-7fa765300000 rw-p 00000000 00:00 0 
7fa765300000-7fa765400000 rw-p 00000000 00:00 0 
7fa765422000-7fa765426000 ---p 00000000 00:00 0 
7fa765426000-7fa765444000 rw-p 00000000 00:00 0 
7fa765444000-7fa76544b000 r-xp 00000000 00:1356 4611686019135192580      /nix/store/gpxl5qgg8kicmcvivwmybwjlpf7wh20l-graalvm17-ce-22.3.0/lib/libzip.so
7fa76544b000-7fa76544c000 ---p 00007000 00:1356 4611686019135192580      /nix/store/gpxl5qgg8kicmcvivwmybwjlpf7wh20l-graalvm17-ce-22.3.0/lib/libzip.so
7fa76544c000-7fa76544d000 r--p 00007000 00:1356 4611686019135192580      /nix/store/gpxl5qgg8kicmcvivwmybwjlpf7wh20l-graalvm17-ce-22.3.0/lib/libzip.so
7fa76544d000-7fa76544e000 rw-p 00008000 00:1356 4611686019135192580      /nix/store/gpxl5qgg8kicmcvivwmybwjlpf7wh20l-graalvm17-ce-22.3.0/lib/libzip.so
7fa76544e000-7fa765450000 rw-p 0000b000 00:1356 4611686019135192580      /nix/store/gpxl5qgg8kicmcvivwmybwjlpf7wh20l-graalvm17-ce-22.3.0/lib/libzip.so
7fa765450000-7fa765465000 r-xp 00000000 00:1356 4611686019135192570      /nix/store/gpxl5qgg8kicmcvivwmybwjlpf7wh20l-graalvm17-ce-22.3.0/lib/libnet.so
7fa765465000-7fa765466000 ---p 00015000 00:1356 4611686019135192570      /nix/store/gpxl5qgg8kicmcvivwmybwjlpf7wh20l-graalvm17-ce-22.3.0/lib/libnet.so
7fa765466000-7fa765467000 r--p 00015000 00:1356 4611686019135192570      /nix/store/gpxl5qgg8kicmcvivwmybwjlpf7wh20l-graalvm17-ce-22.3.0/lib/libnet.so
7fa765467000-7fa765468000 rw-p 00016000 00:1356 4611686019135192570      /nix/store/gpxl5qgg8kicmcvivwmybwjlpf7wh20l-graalvm17-ce-22.3.0/lib/libnet.so
7fa765468000-7fa76546b000 rw-p 0001b000 00:1356 4611686019135192570      /nix/store/gpxl5qgg8kicmcvivwmybwjlpf7wh20l-graalvm17-ce-22.3.0/lib/libnet.so
7fa76546b000-7fa76547e000 r-xp 00000000 00:1356 4611686019135192571      /nix/store/gpxl5qgg8kicmcvivwmybwjlpf7wh20l-graalvm17-ce-22.3.0/lib/libnio.so
7fa76547e000-7fa76547f000 r--p 00012000 00:1356 4611686019135192571      /nix/store/gpxl5qgg8kicmcvivwmybwjlpf7wh20l-graalvm17-ce-22.3.0/lib/libnio.so
7fa76547f000-7fa765480000 rw-p 00013000 00:1356 4611686019135192571      /nix/store/gpxl5qgg8kicmcvivwmybwjlpf7wh20l-graalvm17-ce-22.3.0/lib/libnio.so
7fa765480000-7fa765485000 rw-p 00019000 00:1356 4611686019135192571      /nix/store/gpxl5qgg8kicmcvivwmybwjlpf7wh20l-graalvm17-ce-22.3.0/lib/libnio.so
7fa765485000-7fa765486000 ---p 00000000 00:00 0 
7fa765486000-7fa765587000 rw-p 00000000 00:00 0 
7fa765587000-7fa765655000 r-xp 00000000 00:1356 4611686019135190036      /nix/store/gpxl5qgg8kicmcvivwmybwjlpf7wh20l-graalvm17-ce-22.3.0/lib/libjsvml.so
7fa765655000-7fa765656000 r--p 000cd000 00:1356 4611686019135190036      /nix/store/gpxl5qgg8kicmcvivwmybwjlpf7wh20l-graalvm17-ce-22.3.0/lib/libjsvml.so
7fa765656000-7fa765657000 rw-p 000ce000 00:1356 4611686019135190036      /nix/store/gpxl5qgg8kicmcvivwmybwjlpf7wh20l-graalvm17-ce-22.3.0/lib/libjsvml.so
7fa765657000-7fa766f2f000 rw-p 00000000 00:00 0 
7fa766f2f000-7fa766f30000 ---p 00000000 00:00 0 
7fa766f30000-7fa7670db000 rw-p 00000000 00:00 0 
7fa7670db000-7fa7670f4000 rw-p 00000000 00:00 0 
7fa7670f4000-7fa767131000 ---p 00000000 00:00 0 
7fa767131000-7fa767137000 rw-p 00000000 00:00 0 
7fa767137000-7fa76721d000 ---p 00000000 00:00 0 
7fa76721d000-7fa767237000 rw-p 00000000 00:00 0 
7fa767237000-7fa767308000 ---p 00000000 00:00 0 
7fa767308000-7fa76730d000 rw-p 00000000 00:00 0 
7fa76730d000-7fa767314000 ---p 00000000 00:00 0 
7fa767314000-7fa767338000 r-xp 00000000 00:1356 4611686019135190028      /nix/store/gpxl5qgg8kicmcvivwmybwjlpf7wh20l-graalvm17-ce-22.3.0/lib/libjava.so
7fa767338000-7fa767339000 ---p 00024000 00:1356 4611686019135190028      /nix/store/gpxl5qgg8kicmcvivwmybwjlpf7wh20l-graalvm17-ce-22.3.0/lib/libjava.so
7fa767339000-7fa76733a000 r--p 00024000 00:1356 4611686019135190028      /nix/store/gpxl5qgg8kicmcvivwmybwjlpf7wh20l-graalvm17-ce-22.3.0/lib/libjava.so
7fa76733a000-7fa76733b000 rw-p 00025000 00:1356 4611686019135190028      /nix/store/gpxl5qgg8kicmcvivwmybwjlpf7wh20l-graalvm17-ce-22.3.0/lib/libjava.so
7fa76733b000-7fa76733c000 rw-p 00000000 00:00 0 
7fa76733c000-7fa767343000 rw-p 0002f000 00:1356 4611686019135190028      /nix/store/gpxl5qgg8kicmcvivwmybwjlpf7wh20l-graalvm17-ce-22.3.0/lib/libjava.so
7fa767343000-7fa76734b000 rw-s 00000000 00:132a 729                      /tmp/hsperfdata_runner/1507
7fa76734b000-7fa76734c000 ---p 00000000 00:00 0 
7fa76734c000-7fa76734d000 r--p 00000000 00:00 0 
7fa76734d000-7fa76734e000 rwxp 00000000 00:00 0 
7fa76734e000-7fa767369000 r-xp 00000000 00:1356 4611686019135190032      /nix/store/gpxl5qgg8kicmcvivwmybwjlpf7wh20l-graalvm17-ce-22.3.0/lib/libjimage.so
7fa767369000-7fa76736a000 ---p 0001b000 00:1356 4611686019135190032      /nix/store/gpxl5qgg8kicmcvivwmybwjlpf7wh20l-graalvm17-ce-22.3.0/lib/libjimage.so
7fa76736a000-7fa76736c000 r--p 0001b000 00:1356 4611686019135190032      /nix/store/gpxl5qgg8kicmcvivwmybwjlpf7wh20l-graalvm17-ce-22.3.0/lib/libjimage.so
7fa76736c000-7fa76736d000 rw-p 0001d000 00:1356 4611686019135190032      /nix/store/gpxl5qgg8kicmcvivwmybwjlpf7wh20l-graalvm17-ce-22.3.0/lib/libjimage.so
7fa76736d000-7fa76736e000 rw-p 00024000 00:1356 4611686019135190032      /nix/store/gpxl5qgg8kicmcvivwmybwjlpf7wh20l-graalvm17-ce-22.3.0/lib/libjimage.so
7fa76736e000-7fa767372000 ---p 00000000 00:00 0 
7fa767372000-7fa76746e000 rw-p 00000000 00:00 0 
7fa76746e000-7fa76747c000 r--p 00000000 00:1356 4611686019027979927      /nix/store/4nlgxhb09sdr51nc9hdm8az5b08vzkgx-glibc-2.35-163/lib/libm.so.6
7fa76747c000-7fa7674ef000 r-xp 0000e000 00:1356 4611686019027979927      /nix/store/4nlgxhb09sdr51nc9hdm8az5b08vzkgx-glibc-2.35-163/lib/libm.so.6
7fa7674ef000-7fa76754c000 r--p 00081000 00:1356 4611686019027979927      /nix/store/4nlgxhb09sdr51nc9hdm8az5b08vzkgx-glibc-2.35-163/lib/libm.so.6
7fa76754c000-7fa76754d000 r--p 000dd000 00:1356 4611686019027979927      /nix/store/4nlgxhb09sdr51nc9hdm8az5b08vzkgx-glibc-2.35-163/lib/libm.so.6
7fa76754d000-7fa76754e000 rw-p 000de000 00:1356 4611686019027979927      /nix/store/4nlgxhb09sdr51nc9hdm8az5b08vzkgx-glibc-2.35-163/lib/libm.so.6
7fa76754e000-7fa76754f000 r--p 00000000 00:1356 4611686019027979946      /nix/store/4nlgxhb09sdr51nc9hdm8az5b08vzkgx-glibc-2.35-163/lib/librt.so.1
7fa76754f000-7fa767550000 r-xp 00001000 00:1356 4611686019027979946      /nix/store/4nlgxhb09sdr51nc9hdm8az5b08vzkgx-glibc-2.35-163/lib/librt.so.1
7fa767550000-7fa767551000 r--p 00002000 00:1356 4611686019027979946      /nix/store/4nlgxhb09sdr51nc9hdm8az5b08vzkgx-glibc-2.35-163/lib/librt.so.1
7fa767551000-7fa767552000 r--p 00002000 00:1356 4611686019027979946      /nix/store/4nlgxhb09sdr51nc9hdm8az5b08vzkgx-glibc-2.35-163/lib/librt.so.1
7fa767552000-7fa767553000 rw-p 00003000 00:1356 4611686019027979946      /nix/store/4nlgxhb09sdr51nc9hdm8az5b08vzkgx-glibc-2.35-163/lib/librt.so.1
7fa767553000-7fa768666000 r-xp 00000000 00:1356 4611686019135360866      /nix/store/gpxl5qgg8kicmcvivwmybwjlpf7wh20l-graalvm17-ce-22.3.0/lib/server/libjvm.so
7fa768666000-7fa768667000 ---p 01113000 00:1356 4611686019135360866      /nix/store/gpxl5qgg8kicmcvivwmybwjlpf7wh20l-graalvm17-ce-22.3.0/lib/server/libjvm.so
7fa768667000-7fa76871c000 r--p 01113000 00:1356 4611686019135360866      /nix/store/gpxl5qgg8kicmcvivwmybwjlpf7wh20l-graalvm17-ce-22.3.0/lib/server/libjvm.so
7fa76871c000-7fa768750000 rw-p 011c8000 00:1356 4611686019135360866      /nix/store/gpxl5qgg8kicmcvivwmybwjlpf7wh20l-graalvm17-ce-22.3.0/lib/server/libjvm.so
7fa768750000-7fa7687ac000 rw-p 00000000 00:00 0 
7fa7687ac000-7fa7687d4000 r--p 00000000 00:1356 4611686019027979918      /nix/store/4nlgxhb09sdr51nc9hdm8az5b08vzkgx-glibc-2.35-163/lib/libc.so.6
7fa7687d4000-7fa76894a000 r-xp 00028000 00:1356 4611686019027979918      /nix/store/4nlgxhb09sdr51nc9hdm8az5b08vzkgx-glibc-2.35-163/lib/libc.so.6
7fa76894a000-7fa7689a2000 r--p 0019e000 00:1356 4611686019027979918      /nix/store/4nlgxhb09sdr51nc9hdm8az5b08vzkgx-glibc-2.35-163/lib/libc.so.6
7fa7689a2000-7fa7689a6000 r--p 001f6000 00:1356 4611686019027979918      /nix/store/4nlgxhb09sdr51nc9hdm8az5b08vzkgx-glibc-2.35-163/lib/libc.so.6
7fa7689a6000-7fa7689a8000 rw-p 001fa000 00:1356 4611686019027979918      /nix/store/4nlgxhb09sdr51nc9hdm8az5b08vzkgx-glibc-2.35-163/lib/libc.so.6
7fa7689a8000-7fa7689b7000 rw-p 00000000 00:00 0 
7fa7689b7000-7fa7689b8000 r--p 00000000 00:1356 4611686019027979923      /nix/store/4nlgxhb09sdr51nc9hdm8az5b08vzkgx-glibc-2.35-163/lib/libdl.so.2
7fa7689b8000-7fa7689b9000 r-xp 00001000 00:1356 4611686019027979923      /nix/store/4nlgxhb09sdr51nc9hdm8az5b08vzkgx-glibc-2.35-163/lib/libdl.so.2
7fa7689b9000-7fa7689ba000 r--p 00002000 00:1356 4611686019027979923      /nix/store/4nlgxhb09sdr51nc9hdm8az5b08vzkgx-glibc-2.35-163/lib/libdl.so.2
7fa7689ba000-7fa7689bb000 r--p 00002000 00:1356 4611686019027979923      /nix/store/4nlgxhb09sdr51nc9hdm8az5b08vzkgx-glibc-2.35-163/lib/libdl.so.2
7fa7689bb000-7fa7689bc000 rw-p 00003000 00:1356 4611686019027979923      /nix/store/4nlgxhb09sdr51nc9hdm8az5b08vzkgx-glibc-2.35-163/lib/libdl.so.2
7fa7689bc000-7fa7689bd000 r--p 00000000 00:1356 4611686019027979942      /nix/store/4nlgxhb09sdr51nc9hdm8az5b08vzkgx-glibc-2.35-163/lib/libpthread.so.0
7fa7689bd000-7fa7689be000 r-xp 00001000 00:1356 4611686019027979942      /nix/store/4nlgxhb09sdr51nc9hdm8az5b08vzkgx-glibc-2.35-163/lib/libpthread.so.0
7fa7689be000-7fa7689bf000 r--p 00002000 00:1356 4611686019027979942      /nix/store/4nlgxhb09sdr51nc9hdm8az5b08vzkgx-glibc-2.35-163/lib/libpthread.so.0
7fa7689bf000-7fa7689c0000 r--p 00002000 00:1356 4611686019027979942      /nix/store/4nlgxhb09sdr51nc9hdm8az5b08vzkgx-glibc-2.35-163/lib/libpthread.so.0
7fa7689c0000-7fa7689c1000 rw-p 00003000 00:1356 4611686019027979942      /nix/store/4nlgxhb09sdr51nc9hdm8az5b08vzkgx-glibc-2.35-163/lib/libpthread.so.0
7fa7689c1000-7fa7689cf000 r-xp 00000000 00:1356 4611686019135190033      /nix/store/gpxl5qgg8kicmcvivwmybwjlpf7wh20l-graalvm17-ce-22.3.0/lib/libjli.so
7fa7689cf000-7fa7689d0000 ---p 0000e000 00:1356 4611686019135190033      /nix/store/gpxl5qgg8kicmcvivwmybwjlpf7wh20l-graalvm17-ce-22.3.0/lib/libjli.so
7fa7689d0000-7fa7689d1000 r--p 0000e000 00:1356 4611686019135190033      /nix/store/gpxl5qgg8kicmcvivwmybwjlpf7wh20l-graalvm17-ce-22.3.0/lib/libjli.so
7fa7689d1000-7fa7689d2000 rw-p 0000f000 00:1356 4611686019135190033      /nix/store/gpxl5qgg8kicmcvivwmybwjlpf7wh20l-graalvm17-ce-22.3.0/lib/libjli.so
7fa7689d2000-7fa7689d3000 rw-p 00012000 00:1356 4611686019135190033      /nix/store/gpxl5qgg8kicmcvivwmybwjlpf7wh20l-graalvm17-ce-22.3.0/lib/libjli.so
7fa7689d3000-7fa7689d6000 r--p 00000000 00:1356 4611686019106210071      /nix/store/026hln0aq1hyshaxsdvhg0kmcm6yf45r-zlib-1.2.13/lib/libz.so.1.2.13
7fa7689d6000-7fa7689e8000 r-xp 00003000 00:1356 4611686019106210071      /nix/store/026hln0aq1hyshaxsdvhg0kmcm6yf45r-zlib-1.2.13/lib/libz.so.1.2.13
7fa7689e8000-7fa7689ef000 r--p 00015000 00:1356 4611686019106210071      /nix/store/026hln0aq1hyshaxsdvhg0kmcm6yf45r-zlib-1.2.13/lib/libz.so.1.2.13
7fa7689ef000-7fa7689f0000 r--p 0001b000 00:1356 4611686019106210071      /nix/store/026hln0aq1hyshaxsdvhg0kmcm6yf45r-zlib-1.2.13/lib/libz.so.1.2.13
7fa7689f0000-7fa7689f1000 rw-p 0001c000 00:1356 4611686019106210071      /nix/store/026hln0aq1hyshaxsdvhg0kmcm6yf45r-zlib-1.2.13/lib/libz.so.1.2.13
7fa7689f1000-7fa7689f3000 rw-p 00000000 00:00 0 
7fa7689f3000-7fa7689f5000 r--p 00000000 00:1356 4611686019027979912      /nix/store/4nlgxhb09sdr51nc9hdm8az5b08vzkgx-glibc-2.35-163/lib/ld-linux-x86-64.so.2
7fa7689f5000-7fa768a1c000 r-xp 00002000 00:1356 4611686019027979912      /nix/store/4nlgxhb09sdr51nc9hdm8az5b08vzkgx-glibc-2.35-163/lib/ld-linux-x86-64.so.2
7fa768a1c000-7fa768a28000 r--p 00029000 00:1356 4611686019027979912      /nix/store/4nlgxhb09sdr51nc9hdm8az5b08vzkgx-glibc-2.35-163/lib/ld-linux-x86-64.so.2
7fa768a28000-7fa768a2a000 r--p 00034000 00:1356 4611686019027979912      /nix/store/4nlgxhb09sdr51nc9hdm8az5b08vzkgx-glibc-2.35-163/lib/ld-linux-x86-64.so.2
7fa768a2a000-7fa768a2c000 rw-p 00036000 00:1356 4611686019027979912      /nix/store/4nlgxhb09sdr51nc9hdm8az5b08vzkgx-glibc-2.35-163/lib/ld-linux-x86-64.so.2
7ffe7f658000-7ffe7f67c000 rw-p 00000000 00:00 0                          [stack]
7ffe7f6a3000-7ffe7f6a7000 r--p 00000000 00:00 0                          [vvar]
7ffe7f6a7000-7ffe7f6a9000 r-xp 00000000 00:00 0                          [vdso]
ffffffffff600000-ffffffffff601000 --xp 00000000 00:00 0                  [vsyscall]


VM Arguments:
jvm_args: -XX:ThreadPriorityPolicy=1 -XX:+UnlockExperimentalVMOptions -XX:+EnableJVMCIProduct -XX:JVMCIThreadsPerNativeLibraryRuntime=1 -XX:-UnlockExperimentalVMOptions -Declipse.application=org.eclipse.jdt.ls.core.id1 -Dosgi.bundles.defaultStartLevel=4 -Declipse.product=org.eclipse.jdt.ls.core.product -Dlog.level=ALL -Xverify:none -XX:+UseParallelGC -XX:GCTimeRatio=4 -XX:AdaptiveSizePolicyWeight=90 -Dsun.zip.disableMemoryMapping=true -Xmx512m -Xms100m 
java_command: /nix/store/m6gcpi1ii6rghy04cjwjddcavv7i90df-jdt-language-server-1.9.0/share/java/plugins/org.eclipse.equinox.launcher_1.6.400.v20210924-0641.jar --add-modules=ALL-SYSTEM --add-opens java.base/java.util=ALL-UNNAMED --add-opens java.base/java.lang=ALL-UNNAMED -configuration /home/runner/.cache/jdt-language-server/config -data /home/runner/.cache/jdt-language-server/data/home/runner/Desafio-PWC
java_class_path (initial): /nix/store/m6gcpi1ii6rghy04cjwjddcavv7i90df-jdt-language-server-1.9.0/share/java/plugins/org.eclipse.equinox.launcher_1.6.400.v20210924-0641.jar
Launcher Type: SUN_STANDARD

[Global flags]
    uintx AdaptiveSizePolicyWeight                 = 90                                        {product} {command line}
     intx CICompilerCount                          = 2                                         {product} {ergonomic}
     bool EnableJVMCIProduct                       = true                                {JVMCI product} {jimage}
    uintx GCTimeRatio                              = 4                                         {product} {command line}
   size_t InitialHeapSize                          = 104857600                                 {product} {command line}
     uint JVMCIThreadsPerNativeLibraryRuntime      = 1                                   {JVMCI product} {jimage}
   size_t MaxHeapSize                              = 536870912                                 {product} {command line}
   size_t MaxNewSize                               = 178782208                                 {product} {ergonomic}
   size_t MinHeapDeltaBytes                        = 524288                                    {product} {ergonomic}
   size_t MinHeapSize                              = 104857600                                 {product} {command line}
   size_t NewSize                                  = 34603008                                  {product} {ergonomic}
    uintx NonNMethodCodeHeapSize                   = 5826188                                {pd product} {ergonomic}
    uintx NonProfiledCodeHeapSize                  = 122916026                              {pd product} {ergonomic}
   size_t OldSize                                  = 70254592                                  {product} {ergonomic}
    uintx ProfiledCodeHeapSize                     = 122916026                              {pd product} {ergonomic}
    uintx ReservedCodeCacheSize                    = 251658240                              {pd product} {ergonomic}
     bool SegmentedCodeCache                       = true                                      {product} {ergonomic}
   size_t SoftMaxHeapSize                          = 536870912                              {manageable} {ergonomic}
     intx ThreadPriorityPolicy                     = 1                                         {product} {jimage}
     bool UseCompressedClassPointers               = true                           {product lp64_product} {ergonomic}
     bool UseCompressedOops                        = true                           {product lp64_product} {ergonomic}
     bool UseParallelGC                            = true                                      {product} {command line}

Logging:
Log output configuration:
 #0: stdout all=warning uptime,level,tags
 #1: stderr all=off uptime,level,tags

Environment Variables:
JAVA_HOME=/nix/store/gpxl5qgg8kicmcvivwmybwjlpf7wh20l-graalvm17-ce-22.3.0
PATH=/nix/store/1d6ian3r8kdzspw8hacjhl3xkp40g1lj-binutils-wrapper-2.39/bin:/nix/store/dq0xwmsk1g0i2ayg6pb7y87na2knzylh-gcc-wrapper-11.3.0/bin:/nix/store/bap4d0lpcrhpwmpb8ayjcgkmvfj62lnq-bash-interactive-5.1-p16/bin:/nix/store/pr5n59mb4jzmfx6kanwxly0l07p861fg-patchelf-0.15.0/bin:/nix/store/1gf2flfqnpqbr1b4p4qz2f72y42bs56r-gcc-11.3.0/bin:/nix/store/57xv61c5zi8pphjbcwxxjlgc34p61ic9-glibc-2.35-163-bin/bin:/nix/store/a7gvj343m05j2s32xcnwr35v31ynlypr-coreutils-9.1/bin:/nix/store/039g378vc3pc3dvi9dzdlrd0i4q93qwf-binutils-2.39/bin:/nix/store/gpxl5qgg8kicmcvivwmybwjlpf7wh20l-graalvm17-ce-22.3.0/bin:/nix/store/6z9ag3ihc8mq2hzsw48lhbznvzny65nz-apache-maven-3.8.6/bin:/nix/store/m6gcpi1ii6rghy04cjwjddcavv7i90df-jdt-language-server-1.9.0/bin:/nix/store/84xs5alhs01zrbr4ywm05kxbjbp5590l-java-debug/bin:/nix/store/mydc6f4k2z73xlcz7ilif3v2lcaiqvza-findutils-4.9.0/bin:/nix/store/j9p3g8472iijd50vhdprx0nmk2fqn5gv-diffutils-3.8/bin:/nix/store/89zs7rms6x00xfq4dq6m7mjnhkr8a6r4-gnused-4.8/bin:/nix/store/86bp03jkmsl6f92w0yzg4s59g5mhxwmy-gnugrep-3.7/bin:/nix/store/hwcdqw4jrjnd37wxqgsd47hd0j8bnj09-gawk-5.1.1/bin:/nix/store/cfbhw8r8ags41vwqaz47r583d0p4h4a1-gnutar-1.34/bin:/nix/store/p3m1ndl1lapwrlh698bnb5lvvxh67378-gzip-1.12/bin:/nix/store/a8mhcagrsly7c7mpjrpsnaahk4aax056-bzip2-1.0.8-bin/bin:/nix/store/mblgz65m3zv9x548a3d5m96fj2pbwr09-gnumake-4.3/bin:/nix/store/dsd5gz46hdbdk2rfdimqddhq6m8m8fqs-bash-5.1-p16/bin:/nix/store/v7ljksji50mg3w61dykaa3n3y79n6nil-patch-2.7.6/bin:/nix/store/zlcnmqq14jz5x9439jf937mvayyl63da-xz-5.2.7-bin/bin:/nix/store/y6aj732zm9m87c82fpvf103a1xb22blp-file-5.43/bin:/nix/store/i4kzir3m7mrisxmf5xvlnkw01x4qaqr4-prybar-elisp-0.0.0-e0d9a52/bin:/nix/store/lwwivxf6h7x3cvxp9zv8sj0mv7dak99r-prybar-lua-0.0.0-e0d9a52/bin:/nix/store/gxj28g1cg4hq3qanmjv07156h800qr58-prybar-python3-0.0.0-e0d9a52/bin:/nix/store/hshkjnxrgidigf8x75vg6lqng2xlx9i3-prybar-sqlite-0.0.0-e0d9a52/bin:/nix/store/c4w01bpjgyy5ixmwdk8m1pw87zq4sl26-prybar-tcl-0.0.0-e0d9a52/bin:/nix/store/hpbvrlwd5viqmvcaisb3x0118i913a9n-st
LD_LIBRARY_PATH=/nix/store/a4pff549sk2idnkpzk5nsfps3mdkdnvm-cups-2.4.2-lib/lib:/nix/store/72mqxxhh3cy5yifh92wh2yb8cl2hikyy-cairo-1.16.0/lib:/nix/store/2k366jrbsra97gjfxwvrhvixjfxdach5-glib-2.74.1/lib:/nix/store/2j2znigd8ak37rlwh9khz0ry3clqlw1l-gtk+3-3.24.34/lib:/nix/store/hisqvx32cd57apbpcsnkpx6k3549wql1-libglvnd-1.4.0/lib:/nix/store/p36pgcv991mq5srvg765b78yqpxvk3qs-mesa-21.3.3-drivers/lib:/nix/store/mav4251if1ahjq5vkpwycyyvnmy459c4-pulseaudio-14.2/lib
DISPLAY=:0
LANG=en_US.UTF-8

Signal Handlers:
   SIGSEGV: crash_handler in libjvm.so, mask=11100100010111111101111111111110, flags=SA_RESTART|SA_SIGINFO
    SIGBUS: crash_handler in libjvm.so, mask=11100100010111111101111111111110, flags=SA_RESTART|SA_SIGINFO
    SIGFPE: crash_handler in libjvm.so, mask=11100100010111111101111111111110, flags=SA_RESTART|SA_SIGINFO
   SIGPIPE: IsolateEnterStub_IgnoreSIGPIPEStartupHook_noopSignalHandler_8f19bff2f35b5f630d83b364d6b2339320d4ec70_216e8361c6bc87a8f89f58cc10d3b2fd4415bf87 in libjvmcicompiler.so, mask=00000000000000000000000000000000, flags=SA_RESTART
  *** Handler was modified!
  *** Expected: javaSignalHandler in libjvm.so, mask=11100100110111111111111111111110, flags=SA_RESTART|SA_SIGINFO
   SIGXFSZ: javaSignalHandler in libjvm.so, mask=11100100010111111101111111111110, flags=SA_RESTART|SA_SIGINFO
    SIGILL: crash_handler in libjvm.so, mask=11100100010111111101111111111110, flags=SA_RESTART|SA_SIGINFO
   SIGUSR2: SR_handler in libjvm.so, mask=00000000000000000000000000000000, flags=SA_RESTART|SA_SIGINFO
    SIGHUP: UserHandler in libjvm.so, mask=11100100010111111101111111111110, flags=SA_RESTART|SA_SIGINFO
    SIGINT: UserHandler in libjvm.so, mask=11100100010111111101111111111110, flags=SA_RESTART|SA_SIGINFO
   SIGTERM: UserHandler in libjvm.so, mask=11100100010111111101111111111110, flags=SA_RESTART|SA_SIGINFO
   SIGQUIT: UserHandler in libjvm.so, mask=11100100010111111101111111111110, flags=SA_RESTART|SA_SIGINFO
  *** Handler was modified!
  *** Expected: javaSignalHandler in libjvm.so, mask=11100100110111111111111111111110, flags=SA_RESTART|SA_SIGINFO
   SIGTRAP: crash_handler in libjvm.so, mask=11100100010111111101111111111110, flags=SA_RESTART|SA_SIGINFO


---------------  S Y S T E M  ---------------

OS:
DISTRIB_ID=Ubuntu
DISTRIB_RELEASE=20.04
DISTRIB_CODENAME=focal
DISTRIB_DESCRIPTION="Ubuntu 20.04.2 LTS"
uname: Linux 5.19.0-1027-gcp #29~22.04.1-Ubuntu SMP Thu Jun 22 05:13:17 UTC 2023 x86_64
OS uptime: 0 days 11:25 hours
libc: glibc 2.35 NPTL 2.35 
rlimit (soft/hard): STACK 8192k/infinity , CORE infinity/infinity , NPROC infinity/infinity , NOFILE 5242/5242 , AS infinity/infinity , CPU infinity/infinity , DATA infinity/infinity , FSIZE infinity/infinity , MEMLOCK 8192k/8192k
load average: 4.33 4.87 5.92

/proc/meminfo:
MemTotal:       65839956 kB
MemFree:         9782708 kB
MemAvailable:   43705524 kB
Buffers:         3403592 kB
Cached:         29417052 kB
SwapCached:            0 kB
Active:         13154812 kB
Inactive:       39901952 kB
Active(anon):      12552 kB
Inactive(anon): 19937748 kB
Active(file):   13142260 kB
Inactive(file): 19964204 kB
Unevictable:       28832 kB
Mlocked:           28832 kB
SwapTotal:             0 kB
SwapFree:              0 kB
Zswap:                 0 kB
Zswapped:              0 kB
Dirty:              7432 kB
Writeback:             0 kB
AnonPages:      19249304 kB
Mapped:          2057820 kB
Shmem:             79648 kB
KReclaimable:    1542840 kB
Slab:            2229620 kB
SReclaimable:    1542840 kB
SUnreclaim:       686780 kB
KernelStack:      174500 kB
PageTables:       212380 kB
NFS_Unstable:          0 kB
Bounce:                0 kB
WritebackTmp:          0 kB
CommitLimit:    32919976 kB
Committed_AS:   70800832 kB
VmallocTotal:   34359738367 kB
VmallocUsed:      211396 kB
VmallocChunk:          0 kB
Percpu:            44704 kB
HardwareCorrupted:     0 kB
AnonHugePages:   3387392 kB
ShmemHugePages:        0 kB
ShmemPmdMapped:        0 kB
FileHugePages:         0 kB
FilePmdMapped:         0 kB
HugePages_Total:       0
HugePages_Free:        0
HugePages_Rsvd:        0
HugePages_Surp:        0
Hugepagesize:       2048 kB
Hugetlb:               0 kB
DirectMap4k:     8753976 kB
DirectMap2M:    56254464 kB
DirectMap1G:     4194304 kB

/sys/kernel/mm/transparent_hugepage/enabled: always [madvise] never
/sys/kernel/mm/transparent_hugepage/defrag (defrag/compaction efforts parameter): always defer defer+madvise [madvise] never

Process Memory:
Virtual Size: 4388932K (peak: 4466472K)
Resident Set Size: 720412K (peak: 775752K) (anon: 524260K, file: 196152K, shmem: 0K)
Swapped out: 0K
C-Heap outstanding allocations: 38815K, retained: 12832K
glibc malloc tunables: (default)

/proc/sys/kernel/threads-max (system-wide limit on the number of threads): 514310
/proc/sys/vm/max_map_count (maximum number of memory map areas a process may have): 65530
/proc/sys/kernel/pid_max (system-wide limit on number of process identifiers): 4194304

container (cgroup) information:
container_type: cgroupv1
cpu_cpuset_cpus: 2-7
cpu_memory_nodes: 0
active_processor_count: 1
cpu_quota: 50000
cpu_period: 100000
cpu_shares: 512
memory_limit_in_bytes: 1048576 k
memory_and_swap_limit_in_bytes: 1048576 k
memory_soft_limit_in_bytes: 524288 k
memory_usage_in_bytes: 558436 k
memory_max_usage_in_bytes: 1048576 k
maximum number of tasks: 1000
current number of tasks: 53

KVM virtualization detected
Steal ticks since vm start: 0
Steal ticks percentage since vm start:  0.000

CPU: total 8 (initial active 1) (8 cores per cpu, 2 threads per core) family 23 model 49 stepping 0 microcode 0xffffffff, cx8, cmov, fxsr, ht, mmx, 3dnowpref, sse, sse2, sse3, ssse3, sse4a, sse4.1, sse4.2, popcnt, lzcnt, tsc, tscinvbit, avx, avx2, aes, clmul, bmi1, bmi2, adx, sha, fma, vzeroupper, clflush, clflushopt, hv
CPU Model and flags from /proc/cpuinfo:
model name	: AMD EPYC 7B12
flags		: fpu vme de pse tsc msr pae mce cx8 apic sep mtrr pge mca cmov pat pse36 clflush mmx fxsr sse sse2 ht syscall nx mmxext fxsr_opt pdpe1gb rdtscp lm constant_tsc rep_good nopl nonstop_tsc cpuid extd_apicid tsc_known_freq pni pclmulqdq ssse3 fma cx16 sse4_1 sse4_2 movbe popcnt aes xsave avx f16c rdrand hypervisor lahf_lm cmp_legacy cr8_legacy abm sse4a misalignsse 3dnowprefetch osvw topoext ssbd ibrs ibpb stibp vmmcall fsgsbase tsc_adjust bmi1 avx2 smep bmi2 rdseed adx smap clflushopt clwb sha_ni xsaveopt xsavec xgetbv1 clzero xsaveerptr arat npt nrip_save umip rdpid

Online cpus: 0-7
Offline cpus: 
BIOS frequency limitation: <Not Available>
Frequency switch latency (ns): <Not Available>
Available cpu frequencies: <Not Available>
Current governor: <Not Available>
Core performance/turbo boost: <Not Available>

Memory: 4k page, physical 1048576k(490128k free), swap 0k(0k free)
Page Sizes: 4k

vm_info: OpenJDK 64-Bit Server VM (17.0.5+8-jvmci-22.3-b08) for linux-amd64 JRE (17.0.5+8-jvmci-22.3-b08), built on Oct 19 2022 09:01:27 by "buildslave" with gcc 10.3.0

END.
